{"/home/travis/build/npmtest/node-npmtest-node-phonenumber/test.js":{"path":"/home/travis/build/npmtest/node-npmtest-node-phonenumber/test.js","s":{"1":2,"2":2,"3":2,"4":2,"5":2,"6":2,"7":2,"8":1,"9":2,"10":2,"11":1,"12":1,"13":1,"14":1,"15":2,"16":2,"17":2,"18":2,"19":1,"20":1,"21":2,"22":2,"23":2,"24":1,"25":1,"26":1,"27":1,"28":1,"29":1,"30":1,"31":1,"32":1,"33":1,"34":1,"35":1,"36":1,"37":1,"38":1,"39":2,"40":2,"41":1,"42":2,"43":2,"44":1,"45":2,"46":2,"47":1,"48":2,"49":2,"50":1,"51":1,"52":1,"53":1,"54":1},"b":{"1":[2,1,1,1],"2":[1,1,1,1],"3":[1,1],"4":[1,1],"5":[1,1],"6":[1,1],"7":[1,1],"8":[1,1],"9":[1,1],"10":[1,1,1],"11":[1,1],"12":[1,1],"13":[1,1],"14":[1,1],"15":[1,1],"16":[1,1],"17":[1,1]},"f":{"1":2,"2":2,"3":2,"4":2,"5":2,"6":1,"7":1,"8":1,"9":2,"10":2,"11":2,"12":2,"13":1},"fnMap":{"1":{"name":"(anonymous_1)","line":12,"loc":{"start":{"line":12,"column":1},"end":{"line":12,"column":13}}},"2":{"name":"(anonymous_2)","line":19,"loc":{"start":{"line":19,"column":5},"end":{"line":19,"column":17}}},"3":{"name":"(anonymous_3)","line":23,"loc":{"start":{"line":23,"column":24},"end":{"line":23,"column":36}}},"4":{"name":"(anonymous_4)","line":61,"loc":{"start":{"line":61,"column":5},"end":{"line":61,"column":17}}},"5":{"name":"(anonymous_5)","line":82,"loc":{"start":{"line":82,"column":5},"end":{"line":82,"column":17}}},"6":{"name":"(anonymous_6)","line":91,"loc":{"start":{"line":91,"column":77},"end":{"line":94,"column":10}}},"7":{"name":"(anonymous_7)","line":112,"loc":{"start":{"line":112,"column":83},"end":{"line":115,"column":10}},"skip":true},"8":{"name":"(anonymous_8)","line":123,"loc":{"start":{"line":123,"column":77},"end":{"line":126,"column":10}},"skip":true},"9":{"name":"(anonymous_9)","line":139,"loc":{"start":{"line":139,"column":12},"end":{"line":139,"column":40}},"skip":true},"10":{"name":"(anonymous_10)","line":147,"loc":{"start":{"line":147,"column":77},"end":{"line":150,"column":10}},"skip":true},"11":{"name":"(anonymous_11)","line":158,"loc":{"start":{"line":158,"column":83},"end":{"line":161,"column":10}},"skip":true},"12":{"name":"(anonymous_12)","line":169,"loc":{"start":{"line":169,"column":79},"end":{"line":172,"column":10}},"skip":true},"13":{"name":"(anonymous_13)","line":180,"loc":{"start":{"line":180,"column":75},"end":{"line":183,"column":10}},"skip":true}},"statementMap":{"1":{"start":{"line":12,"column":0},"end":{"line":195,"column":5}},"2":{"start":{"line":14,"column":4},"end":{"line":14,"column":14}},"3":{"start":{"line":19,"column":4},"end":{"line":56,"column":9}},"4":{"start":{"line":21,"column":8},"end":{"line":21,"column":19}},"5":{"start":{"line":23,"column":8},"end":{"line":35,"column":13}},"6":{"start":{"line":24,"column":12},"end":{"line":34,"column":13}},"7":{"start":{"line":25,"column":16},"end":{"line":28,"column":30}},"8":{"start":{"line":30,"column":16},"end":{"line":33,"column":27}},"9":{"start":{"line":37,"column":8},"end":{"line":39,"column":21}},"10":{"start":{"line":40,"column":8},"end":{"line":53,"column":9}},"11":{"start":{"line":43,"column":12},"end":{"line":46,"column":14}},"12":{"start":{"line":47,"column":12},"end":{"line":47,"column":18}},"13":{"start":{"line":50,"column":12},"end":{"line":51,"column":33}},"14":{"start":{"line":52,"column":12},"end":{"line":52,"column":18}},"15":{"start":{"line":55,"column":8},"end":{"line":55,"column":35}},"16":{"start":{"line":61,"column":4},"end":{"line":63,"column":9}},"17":{"start":{"line":62,"column":8},"end":{"line":62,"column":15}},"18":{"start":{"line":64,"column":4},"end":{"line":77,"column":5}},"19":{"start":{"line":70,"column":8},"end":{"line":70,"column":14}},"20":{"start":{"line":76,"column":8},"end":{"line":76,"column":14}},"21":{"start":{"line":82,"column":4},"end":{"line":84,"column":9}},"22":{"start":{"line":83,"column":8},"end":{"line":83,"column":15}},"23":{"start":{"line":85,"column":4},"end":{"line":194,"column":5}},"24":{"start":{"line":91,"column":8},"end":{"line":99,"column":10}},"25":{"start":{"line":98,"column":12},"end":{"line":98,"column":35}},"26":{"start":{"line":102,"column":8},"end":{"line":104,"column":63}},"27":{"start":{"line":105,"column":8},"end":{"line":105,"column":14}},"28":{"start":{"line":112,"column":8},"end":{"line":121,"column":10},"skip":true},"29":{"start":{"line":119,"column":12},"end":{"line":119,"column":55},"skip":true},"30":{"start":{"line":120,"column":12},"end":{"line":120,"column":48},"skip":true},"31":{"start":{"line":123,"column":8},"end":{"line":136,"column":10},"skip":true},"32":{"start":{"line":130,"column":12},"end":{"line":130,"column":76},"skip":true},"33":{"start":{"line":131,"column":12},"end":{"line":131,"column":73},"skip":true},"34":{"start":{"line":132,"column":12},"end":{"line":132,"column":74},"skip":true},"35":{"start":{"line":133,"column":12},"end":{"line":133,"column":79},"skip":true},"36":{"start":{"line":134,"column":12},"end":{"line":134,"column":25},"skip":true},"37":{"start":{"line":135,"column":12},"end":{"line":135,"column":45},"skip":true},"38":{"start":{"line":138,"column":8},"end":{"line":145,"column":14},"skip":true},"39":{"start":{"line":143,"column":16},"end":{"line":143,"column":29},"skip":true},"40":{"start":{"line":144,"column":16},"end":{"line":144,"column":55},"skip":true},"41":{"start":{"line":147,"column":8},"end":{"line":156,"column":10},"skip":true},"42":{"start":{"line":154,"column":12},"end":{"line":154,"column":25},"skip":true},"43":{"start":{"line":155,"column":12},"end":{"line":155,"column":45},"skip":true},"44":{"start":{"line":158,"column":8},"end":{"line":167,"column":10},"skip":true},"45":{"start":{"line":165,"column":12},"end":{"line":165,"column":25},"skip":true},"46":{"start":{"line":166,"column":12},"end":{"line":166,"column":48},"skip":true},"47":{"start":{"line":169,"column":8},"end":{"line":178,"column":10},"skip":true},"48":{"start":{"line":176,"column":12},"end":{"line":176,"column":25},"skip":true},"49":{"start":{"line":177,"column":12},"end":{"line":177,"column":46},"skip":true},"50":{"start":{"line":180,"column":8},"end":{"line":189,"column":10},"skip":true},"51":{"start":{"line":187,"column":12},"end":{"line":187,"column":94},"skip":true},"52":{"start":{"line":188,"column":12},"end":{"line":188,"column":48},"skip":true},"53":{"start":{"line":192,"column":8},"end":{"line":192,"column":35},"skip":true},"54":{"start":{"line":193,"column":8},"end":{"line":193,"column":14},"skip":true}},"branchMap":{"1":{"line":25,"type":"binary-expr","locations":[{"start":{"line":25,"column":23},"end":{"line":25,"column":62}},{"start":{"line":26,"column":20},"end":{"line":26,"column":70}},{"start":{"line":27,"column":20},"end":{"line":27,"column":71}},{"start":{"line":28,"column":20},"end":{"line":28,"column":29}}]},"2":{"line":30,"type":"binary-expr","locations":[{"start":{"line":30,"column":23},"end":{"line":30,"column":37}},{"start":{"line":31,"column":20},"end":{"line":31,"column":61}},{"start":{"line":32,"column":20},"end":{"line":32,"column":70}},{"start":{"line":33,"column":20},"end":{"line":33,"column":26}}]},"3":{"line":37,"type":"cond-expr","locations":[{"start":{"line":38,"column":14},"end":{"line":38,"column":20}},{"start":{"line":39,"column":14},"end":{"line":39,"column":20}}]},"4":{"line":40,"type":"switch","locations":[{"start":{"line":42,"column":8},"end":{"line":47,"column":18}},{"start":{"line":49,"column":8},"end":{"line":52,"column":18}}]},"5":{"line":44,"type":"binary-expr","locations":[{"start":{"line":44,"column":16},"end":{"line":44,"column":44}},{"start":{"line":44,"column":48},"end":{"line":44,"column":66}}]},"6":{"line":50,"type":"binary-expr","locations":[{"start":{"line":50,"column":21},"end":{"line":50,"column":49}},{"start":{"line":50,"column":53},"end":{"line":50,"column":72}}]},"7":{"line":64,"type":"switch","locations":[{"start":{"line":69,"column":4},"end":{"line":70,"column":14}},{"start":{"line":75,"column":4},"end":{"line":76,"column":14}}]},"8":{"line":85,"type":"switch","locations":[{"start":{"line":90,"column":4},"end":{"line":105,"column":14}},{"start":{"line":111,"column":4},"end":{"line":193,"column":14},"skip":true}]},"9":{"line":91,"type":"binary-expr","locations":[{"start":{"line":91,"column":42},"end":{"line":91,"column":73}},{"start":{"line":91,"column":77},"end":{"line":99,"column":9}}]},"10":{"line":102,"type":"binary-expr","locations":[{"start":{"line":102,"column":18},"end":{"line":102,"column":32}},{"start":{"line":103,"column":12},"end":{"line":103,"column":53}},{"start":{"line":104,"column":12},"end":{"line":104,"column":61}}]},"11":{"line":112,"type":"binary-expr","locations":[{"start":{"line":112,"column":45},"end":{"line":112,"column":79},"skip":true},{"start":{"line":112,"column":83},"end":{"line":121,"column":9},"skip":true}]},"12":{"line":123,"type":"binary-expr","locations":[{"start":{"line":123,"column":42},"end":{"line":123,"column":73},"skip":true},{"start":{"line":123,"column":77},"end":{"line":136,"column":9},"skip":true}]},"13":{"line":138,"type":"binary-expr","locations":[{"start":{"line":138,"column":48},"end":{"line":138,"column":85},"skip":true},{"start":{"line":139,"column":12},"end":{"line":145,"column":13},"skip":true}]},"14":{"line":147,"type":"binary-expr","locations":[{"start":{"line":147,"column":42},"end":{"line":147,"column":73},"skip":true},{"start":{"line":147,"column":77},"end":{"line":156,"column":9},"skip":true}]},"15":{"line":158,"type":"binary-expr","locations":[{"start":{"line":158,"column":45},"end":{"line":158,"column":79},"skip":true},{"start":{"line":158,"column":83},"end":{"line":167,"column":9},"skip":true}]},"16":{"line":169,"type":"binary-expr","locations":[{"start":{"line":169,"column":43},"end":{"line":169,"column":75},"skip":true},{"start":{"line":169,"column":79},"end":{"line":178,"column":9},"skip":true}]},"17":{"line":180,"type":"binary-expr","locations":[{"start":{"line":180,"column":41},"end":{"line":180,"column":71},"skip":true},{"start":{"line":180,"column":75},"end":{"line":189,"column":9},"skip":true}]}},"code":["/* istanbul instrument in package npmtest_node_phonenumber */","/*jslint","    bitwise: true,","    browser: true,","    maxerr: 8,","    maxlen: 96,","    node: true,","    nomen: true,","    regexp: true,","    stupid: true","*/","(function () {","    'use strict';","    var local;","","","","    // run shared js-env code - pre-init","    (function () {","        // init local","        local = {};","        // init modeJs","        local.modeJs = (function () {","            try {","                return typeof navigator.userAgent === 'string' &&","                    typeof document.querySelector('body') === 'object' &&","                    typeof XMLHttpRequest.prototype.open === 'function' &&","                    'browser';","            } catch (errorCaughtBrowser) {","                return module.exports &&","                    typeof process.versions.node === 'string' &&","                    typeof require('http').createServer === 'function' &&","                    'node';","            }","        }());","        // init global","        local.global = local.modeJs === 'browser'","            ? window","            : global;","        switch (local.modeJs) {","        // re-init local from window.local","        case 'browser':","            local = local.global.utility2.objectSetDefault(","                local.global.utility2_rollup || local.global.local,","                local.global.utility2","            );","            break;","        // re-init local from example.js","        case 'node':","            local = (local.global.utility2_rollup || require('utility2'))","                .requireReadme();","            break;","        }","        // export local","        local.global.local = local;","    }());","","","","    // run shared js-env code - function","    (function () {","        return;","    }());","    switch (local.modeJs) {","","","","    // run browser js-env code - function","    case 'browser':","        break;","","","","    // run node js-env code - function","    case 'node':","        break;","    }","","","","    // run shared js-env code - post-init","    (function () {","        return;","    }());","    switch (local.modeJs) {","","","","    // run browser js-env code - post-init","    case 'browser':","        local.testCase_browser_nullCase = local.testCase_browser_nullCase || function (","            options,","            onError","        ) {","        /*","         * this function will test browsers's null-case handling-behavior-behavior","         */","            onError(null, options);","        };","","        // run tests","        local.nop(local.modeTest &&","            document.querySelector('#testRunButton1') &&","            document.querySelector('#testRunButton1').click());","        break;","","","","    // run node js-env code - post-init","    /* istanbul ignore next */","    case 'node':","        local.testCase_buildApidoc_default = local.testCase_buildApidoc_default || function (","            options,","            onError","        ) {","        /*","         * this function will test buildApidoc's default handling-behavior-behavior","         */","            options = { modulePathList: module.paths };","            local.buildApidoc(options, onError);","        };","","        local.testCase_buildApp_default = local.testCase_buildApp_default || function (","            options,","            onError","        ) {","        /*","         * this function will test buildApp's default handling-behavior-behavior","         */","            local.testCase_buildReadme_default(options, local.onErrorThrow);","            local.testCase_buildLib_default(options, local.onErrorThrow);","            local.testCase_buildTest_default(options, local.onErrorThrow);","            local.testCase_buildCustomOrg_default(options, local.onErrorThrow);","            options = [];","            local.buildApp(options, onError);","        };","","        local.testCase_buildCustomOrg_default = local.testCase_buildCustomOrg_default ||","            function (options, onError) {","            /*","             * this function will test buildCustomOrg's default handling-behavior","             */","                options = {};","                local.buildCustomOrg(options, onError);","            };","","        local.testCase_buildLib_default = local.testCase_buildLib_default || function (","            options,","            onError","        ) {","        /*","         * this function will test buildLib's default handling-behavior","         */","            options = {};","            local.buildLib(options, onError);","        };","","        local.testCase_buildReadme_default = local.testCase_buildReadme_default || function (","            options,","            onError","        ) {","        /*","         * this function will test buildReadme's default handling-behavior-behavior","         */","            options = {};","            local.buildReadme(options, onError);","        };","","        local.testCase_buildTest_default = local.testCase_buildTest_default || function (","            options,","            onError","        ) {","        /*","         * this function will test buildTest's default handling-behavior","         */","            options = {};","            local.buildTest(options, onError);","        };","","        local.testCase_webpage_default = local.testCase_webpage_default || function (","            options,","            onError","        ) {","        /*","         * this function will test webpage's default handling-behavior","         */","            options = { modeCoverageMerge: true, url: local.serverLocalHost + '?modeTest=1' };","            local.browserTest(options, onError);","        };","","        // run test-server","        local.testRunServer(local);","        break;","    }","}());",""],"l":{"12":2,"14":2,"19":2,"21":2,"23":2,"24":2,"25":2,"30":1,"37":2,"40":2,"43":1,"47":1,"50":1,"52":1,"55":2,"61":2,"62":2,"64":2,"70":1,"76":1,"82":2,"83":2,"85":2,"91":1,"98":1,"102":1,"105":1,"112":1,"119":1,"120":1,"123":1,"130":1,"131":1,"132":1,"133":1,"134":1,"135":1,"138":1,"143":2,"144":2,"147":1,"154":2,"155":2,"158":1,"165":2,"166":2,"169":1,"176":2,"177":2,"180":1,"187":1,"188":1,"192":1,"193":1}},"/home/travis/build/npmtest/node-npmtest-node-phonenumber/lib.npmtest_node_phonenumber.js":{"path":"/home/travis/build/npmtest/node-npmtest-node-phonenumber/lib.npmtest_node_phonenumber.js","s":{"1":2,"2":2,"3":2,"4":2,"5":2,"6":2,"7":2,"8":1,"9":2,"10":2,"11":2,"12":2,"13":1,"14":1,"15":1,"16":1},"b":{"1":[2,1,1,1],"2":[1,1,1,1],"3":[1,1],"4":[2,2],"5":[1,1]},"f":{"1":2,"2":2,"3":2},"fnMap":{"1":{"name":"(anonymous_1)","line":12,"loc":{"start":{"line":12,"column":1},"end":{"line":12,"column":13}}},"2":{"name":"(anonymous_2)","line":19,"loc":{"start":{"line":19,"column":5},"end":{"line":19,"column":17}}},"3":{"name":"(anonymous_3)","line":23,"loc":{"start":{"line":23,"column":24},"end":{"line":23,"column":36}}}},"statementMap":{"1":{"start":{"line":12,"column":0},"end":{"line":53,"column":5}},"2":{"start":{"line":14,"column":4},"end":{"line":14,"column":14}},"3":{"start":{"line":19,"column":4},"end":{"line":52,"column":9}},"4":{"start":{"line":21,"column":8},"end":{"line":21,"column":19}},"5":{"start":{"line":23,"column":8},"end":{"line":35,"column":13}},"6":{"start":{"line":24,"column":12},"end":{"line":34,"column":13}},"7":{"start":{"line":25,"column":16},"end":{"line":28,"column":30}},"8":{"start":{"line":30,"column":16},"end":{"line":33,"column":27}},"9":{"start":{"line":37,"column":8},"end":{"line":39,"column":21}},"10":{"start":{"line":41,"column":8},"end":{"line":41,"column":54}},"11":{"start":{"line":43,"column":8},"end":{"line":43,"column":61}},"12":{"start":{"line":45,"column":8},"end":{"line":51,"column":9}},"13":{"start":{"line":46,"column":12},"end":{"line":46,"column":67}},"14":{"start":{"line":48,"column":12},"end":{"line":48,"column":35}},"15":{"start":{"line":49,"column":12},"end":{"line":49,"column":49}},"16":{"start":{"line":50,"column":12},"end":{"line":50,"column":43}}},"branchMap":{"1":{"line":25,"type":"binary-expr","locations":[{"start":{"line":25,"column":23},"end":{"line":25,"column":62}},{"start":{"line":26,"column":20},"end":{"line":26,"column":70}},{"start":{"line":27,"column":20},"end":{"line":27,"column":71}},{"start":{"line":28,"column":20},"end":{"line":28,"column":29}}]},"2":{"line":30,"type":"binary-expr","locations":[{"start":{"line":30,"column":23},"end":{"line":30,"column":37}},{"start":{"line":31,"column":20},"end":{"line":31,"column":61}},{"start":{"line":32,"column":20},"end":{"line":32,"column":70}},{"start":{"line":33,"column":20},"end":{"line":33,"column":26}}]},"3":{"line":37,"type":"cond-expr","locations":[{"start":{"line":38,"column":14},"end":{"line":38,"column":20}},{"start":{"line":39,"column":14},"end":{"line":39,"column":20}}]},"4":{"line":41,"type":"binary-expr","locations":[{"start":{"line":41,"column":16},"end":{"line":41,"column":44}},{"start":{"line":41,"column":48},"end":{"line":41,"column":53}}]},"5":{"line":45,"type":"if","locations":[{"start":{"line":45,"column":8},"end":{"line":45,"column":8}},{"start":{"line":45,"column":8},"end":{"line":45,"column":8}}]}},"code":["/* istanbul instrument in package npmtest_node_phonenumber */","/*jslint","    bitwise: true,","    browser: true,","    maxerr: 8,","    maxlen: 96,","    node: true,","    nomen: true,","    regexp: true,","    stupid: true","*/","(function () {","    'use strict';","    var local;","","","","    // run shared js-env code - pre-init","    (function () {","        // init local","        local = {};","        // init modeJs","        local.modeJs = (function () {","            try {","                return typeof navigator.userAgent === 'string' &&","                    typeof document.querySelector('body') === 'object' &&","                    typeof XMLHttpRequest.prototype.open === 'function' &&","                    'browser';","            } catch (errorCaughtBrowser) {","                return module.exports &&","                    typeof process.versions.node === 'string' &&","                    typeof require('http').createServer === 'function' &&","                    'node';","            }","        }());","        // init global","        local.global = local.modeJs === 'browser'","            ? window","            : global;","        // init utility2_rollup","        local = local.global.utility2_rollup || local;","        // init lib","        local.local = local.npmtest_node_phonenumber = local;","        // init exports","        if (local.modeJs === 'browser') {","            local.global.utility2_npmtest_node_phonenumber = local;","        } else {","            module.exports = local;","            module.exports.__dirname = __dirname;","            module.exports.module = module;","        }","    }());","}());",""],"l":{"12":2,"14":2,"19":2,"21":2,"23":2,"24":2,"25":2,"30":1,"37":2,"41":2,"43":2,"45":2,"46":1,"48":1,"49":1,"50":1}},"/home/travis/build/npmtest/node-npmtest-node-phonenumber/example.js":{"path":"/home/travis/build/npmtest/node-npmtest-node-phonenumber/example.js","s":{"1":2,"2":2,"3":2,"4":2,"5":2,"6":2,"7":2,"8":1,"9":2,"10":2,"11":2,"12":2,"13":1,"14":2,"15":2,"16":2,"17":2,"18":2,"19":0,"20":2,"21":1,"22":1,"23":1,"24":1,"25":1,"26":0,"27":0,"28":1,"29":1,"30":2,"31":0,"32":0,"33":0,"34":1,"35":2,"36":2,"37":3,"38":3,"39":3,"40":3,"41":0,"42":3,"43":3,"44":3,"45":1,"46":3,"47":1,"48":1,"49":1,"50":1,"51":1,"52":1,"53":1,"54":1,"55":1,"56":1,"57":0,"58":1,"59":6,"60":6,"61":1,"62":2,"63":0,"64":2,"65":1,"66":1,"67":0,"68":0,"69":0,"70":0,"71":0,"72":0,"73":0,"74":0,"75":0,"76":0,"77":0,"78":0,"79":0,"80":0,"81":0,"82":0,"83":0},"b":{"1":[2,1,1,1],"2":[1,1,1,1],"3":[1,1],"4":[2,2],"5":[1,1],"6":[1,1],"7":[2,0],"8":[2,1,1,1,1,1],"9":[0,2,0],"10":[1,1],"11":[2,1,1],"12":[1,0],"13":[0,2],"14":[2,0,0,0,0,0,0],"15":[0,3],"16":[3,0],"17":[1,1],"18":[0,1],"19":[1,2,0,2],"20":[1,0],"21":[1,1],"22":[0,0],"23":[0,0],"24":[0,0],"25":[0,0],"26":[0,0],"27":[0,0],"28":[0,0]},"f":{"1":2,"2":2,"3":2,"4":2,"5":2,"6":2,"7":3,"8":3,"9":3,"10":1,"11":6,"12":0},"fnMap":{"1":{"name":"(anonymous_1)","line":26,"loc":{"start":{"line":26,"column":1},"end":{"line":26,"column":13}}},"2":{"name":"(anonymous_2)","line":33,"loc":{"start":{"line":33,"column":5},"end":{"line":33,"column":17}}},"3":{"name":"(anonymous_3)","line":37,"loc":{"start":{"line":37,"column":24},"end":{"line":37,"column":36}}},"4":{"name":"(anonymous_4)","line":69,"loc":{"start":{"line":69,"column":31},"end":{"line":69,"column":48}},"skip":true},"5":{"name":"(anonymous_5)","line":78,"loc":{"start":{"line":78,"column":26},"end":{"line":78,"column":45}},"skip":true},"6":{"name":"(anonymous_6)","line":123,"loc":{"start":{"line":123,"column":33},"end":{"line":123,"column":48}},"skip":true},"7":{"name":"(anonymous_7)","line":125,"loc":{"start":{"line":125,"column":27},"end":{"line":125,"column":39}},"skip":true},"8":{"name":"(anonymous_8)","line":133,"loc":{"start":{"line":133,"column":59},"end":{"line":133,"column":74}},"skip":true},"9":{"name":"(anonymous_9)","line":143,"loc":{"start":{"line":143,"column":45},"end":{"line":143,"column":62}},"skip":true},"10":{"name":"(anonymous_10)","line":144,"loc":{"start":{"line":144,"column":73},"end":{"line":144,"column":92}},"skip":true},"11":{"name":"(anonymous_11)","line":272,"loc":{"start":{"line":272,"column":51},"end":{"line":272,"column":77}},"skip":true},"12":{"name":"(anonymous_12)","line":315,"loc":{"start":{"line":315,"column":32},"end":{"line":315,"column":61}},"skip":true}},"statementMap":{"1":{"start":{"line":26,"column":0},"end":{"line":326,"column":5}},"2":{"start":{"line":28,"column":4},"end":{"line":28,"column":14}},"3":{"start":{"line":33,"column":4},"end":{"line":60,"column":9}},"4":{"start":{"line":35,"column":8},"end":{"line":35,"column":19}},"5":{"start":{"line":37,"column":8},"end":{"line":49,"column":13}},"6":{"start":{"line":38,"column":12},"end":{"line":48,"column":13}},"7":{"start":{"line":39,"column":16},"end":{"line":42,"column":30}},"8":{"start":{"line":44,"column":16},"end":{"line":47,"column":27}},"9":{"start":{"line":51,"column":8},"end":{"line":53,"column":21}},"10":{"start":{"line":55,"column":8},"end":{"line":57,"column":45}},"11":{"start":{"line":59,"column":8},"end":{"line":59,"column":35}},"12":{"start":{"line":61,"column":4},"end":{"line":325,"column":5}},"13":{"start":{"line":69,"column":8},"end":{"line":121,"column":10},"skip":true},"14":{"start":{"line":70,"column":12},"end":{"line":88,"column":13},"skip":true},"15":{"start":{"line":76,"column":16},"end":{"line":87,"column":19},"skip":true},"16":{"start":{"line":79,"column":20},"end":{"line":86,"column":21},"skip":true},"17":{"start":{"line":82,"column":24},"end":{"line":82,"column":43},"skip":true},"18":{"start":{"line":83,"column":24},"end":{"line":83,"column":30},"skip":true},"19":{"start":{"line":85,"column":24},"end":{"line":85,"column":49},"skip":true},"20":{"start":{"line":89,"column":12},"end":{"line":107,"column":13},"skip":true},"21":{"start":{"line":92,"column":16},"end":{"line":102,"column":17},"skip":true},"22":{"start":{"line":93,"column":20},"end":{"line":93,"column":86},"skip":true},"23":{"start":{"line":94,"column":20},"end":{"line":95,"column":45},"skip":true},"24":{"start":{"line":96,"column":20},"end":{"line":96,"column":42},"skip":true},"25":{"start":{"line":97,"column":20},"end":{"line":97,"column":48},"skip":true},"26":{"start":{"line":100,"column":20},"end":{"line":100,"column":85},"skip":true},"27":{"start":{"line":101,"column":20},"end":{"line":101,"column":96},"skip":true},"28":{"start":{"line":103,"column":16},"end":{"line":103,"column":22},"skip":true},"29":{"start":{"line":106,"column":16},"end":{"line":106,"column":22},"skip":true},"30":{"start":{"line":108,"column":12},"end":{"line":120,"column":13},"skip":true},"31":{"start":{"line":114,"column":16},"end":{"line":119,"column":17},"skip":true},"32":{"start":{"line":116,"column":20},"end":{"line":116,"column":78},"skip":true},"33":{"start":{"line":118,"column":20},"end":{"line":118,"column":47},"skip":true},"34":{"start":{"line":123,"column":8},"end":{"line":141,"column":11},"skip":true},"35":{"start":{"line":124,"column":12},"end":{"line":124,"column":54},"skip":true},"36":{"start":{"line":125,"column":12},"end":{"line":140,"column":14},"skip":true},"37":{"start":{"line":126,"column":16},"end":{"line":126,"column":28},"skip":true},"38":{"start":{"line":127,"column":16},"end":{"line":127,"column":69},"skip":true},"39":{"start":{"line":128,"column":16},"end":{"line":128,"column":75},"skip":true},"40":{"start":{"line":129,"column":16},"end":{"line":131,"column":17},"skip":true},"41":{"start":{"line":130,"column":20},"end":{"line":130,"column":27},"skip":true},"42":{"start":{"line":133,"column":16},"end":{"line":137,"column":36},"skip":true},"43":{"start":{"line":134,"column":20},"end":{"line":136,"column":55},"skip":true},"44":{"start":{"line":139,"column":16},"end":{"line":139,"column":57},"skip":true},"45":{"start":{"line":143,"column":8},"end":{"line":147,"column":11},"skip":true},"46":{"start":{"line":144,"column":12},"end":{"line":146,"column":15},"skip":true},"47":{"start":{"line":145,"column":16},"end":{"line":145,"column":70},"skip":true},"48":{"start":{"line":149,"column":8},"end":{"line":149,"column":31},"skip":true},"49":{"start":{"line":150,"column":8},"end":{"line":150,"column":14},"skip":true},"50":{"start":{"line":158,"column":8},"end":{"line":158,"column":31},"skip":true},"51":{"start":{"line":160,"column":8},"end":{"line":160,"column":33},"skip":true},"52":{"start":{"line":161,"column":8},"end":{"line":161,"column":37},"skip":true},"53":{"start":{"line":162,"column":8},"end":{"line":162,"column":35},"skip":true},"54":{"start":{"line":164,"column":8},"end":{"line":164,"column":50},"skip":true},"55":{"start":{"line":166,"column":8},"end":{"line":256,"column":2},"skip":true},"56":{"start":{"line":258,"column":8},"end":{"line":286,"column":9},"skip":true},"57":{"start":{"line":259,"column":12},"end":{"line":269,"column":14},"skip":true},"58":{"start":{"line":271,"column":12},"end":{"line":285,"column":19},"skip":true},"59":{"start":{"line":274,"column":20},"end":{"line":274,"column":35},"skip":true},"60":{"start":{"line":275,"column":20},"end":{"line":284,"column":21},"skip":true},"61":{"start":{"line":277,"column":24},"end":{"line":277,"column":64},"skip":true},"62":{"start":{"line":279,"column":24},"end":{"line":279,"column":40},"skip":true},"63":{"start":{"line":281,"column":24},"end":{"line":281,"column":40},"skip":true},"64":{"start":{"line":283,"column":24},"end":{"line":283,"column":39},"skip":true},"65":{"start":{"line":288,"column":8},"end":{"line":290,"column":9},"skip":true},"66":{"start":{"line":289,"column":12},"end":{"line":289,"column":18},"skip":true},"67":{"start":{"line":291,"column":8},"end":{"line":293,"column":54},"skip":true},"68":{"start":{"line":296,"column":8},"end":{"line":301,"column":37},"skip":true},"69":{"start":{"line":303,"column":8},"end":{"line":303,"column":82},"skip":true},"70":{"start":{"line":306,"column":8},"end":{"line":308,"column":9},"skip":true},"71":{"start":{"line":307,"column":12},"end":{"line":307,"column":82},"skip":true},"72":{"start":{"line":310,"column":8},"end":{"line":312,"column":9},"skip":true},"73":{"start":{"line":311,"column":12},"end":{"line":311,"column":18},"skip":true},"74":{"start":{"line":313,"column":8},"end":{"line":313,"column":54},"skip":true},"75":{"start":{"line":314,"column":8},"end":{"line":314,"column":69},"skip":true},"76":{"start":{"line":315,"column":8},"end":{"line":323,"column":36},"skip":true},"77":{"start":{"line":316,"column":12},"end":{"line":316,"column":61},"skip":true},"78":{"start":{"line":317,"column":12},"end":{"line":320,"column":13},"skip":true},"79":{"start":{"line":318,"column":16},"end":{"line":318,"column":75},"skip":true},"80":{"start":{"line":319,"column":16},"end":{"line":319,"column":23},"skip":true},"81":{"start":{"line":321,"column":12},"end":{"line":321,"column":38},"skip":true},"82":{"start":{"line":322,"column":12},"end":{"line":322,"column":27},"skip":true},"83":{"start":{"line":324,"column":8},"end":{"line":324,"column":14},"skip":true}},"branchMap":{"1":{"line":39,"type":"binary-expr","locations":[{"start":{"line":39,"column":23},"end":{"line":39,"column":62}},{"start":{"line":40,"column":20},"end":{"line":40,"column":70}},{"start":{"line":41,"column":20},"end":{"line":41,"column":71}},{"start":{"line":42,"column":20},"end":{"line":42,"column":29}}]},"2":{"line":44,"type":"binary-expr","locations":[{"start":{"line":44,"column":23},"end":{"line":44,"column":37}},{"start":{"line":45,"column":20},"end":{"line":45,"column":61}},{"start":{"line":46,"column":20},"end":{"line":46,"column":70}},{"start":{"line":47,"column":20},"end":{"line":47,"column":26}}]},"3":{"line":51,"type":"cond-expr","locations":[{"start":{"line":52,"column":14},"end":{"line":52,"column":20}},{"start":{"line":53,"column":14},"end":{"line":53,"column":20}}]},"4":{"line":55,"type":"binary-expr","locations":[{"start":{"line":55,"column":16},"end":{"line":55,"column":44}},{"start":{"line":55,"column":49},"end":{"line":57,"column":43}}]},"5":{"line":55,"type":"cond-expr","locations":[{"start":{"line":56,"column":14},"end":{"line":56,"column":60}},{"start":{"line":57,"column":14},"end":{"line":57,"column":43}}]},"6":{"line":61,"type":"switch","locations":[{"start":{"line":68,"column":4},"end":{"line":150,"column":14},"skip":true},{"start":{"line":156,"column":4},"end":{"line":324,"column":14},"skip":true}]},"7":{"line":70,"type":"if","locations":[{"start":{"line":70,"column":12},"end":{"line":70,"column":12},"skip":true},{"start":{"line":70,"column":12},"end":{"line":70,"column":12},"skip":true}]},"8":{"line":70,"type":"binary-expr","locations":[{"start":{"line":70,"column":16},"end":{"line":70,"column":22},"skip":true},{"start":{"line":70,"column":27},"end":{"line":70,"column":32},"skip":true},{"start":{"line":71,"column":20},"end":{"line":71,"column":39},"skip":true},{"start":{"line":72,"column":20},"end":{"line":72,"column":49},"skip":true},{"start":{"line":73,"column":20},"end":{"line":73,"column":58},"skip":true},{"start":{"line":74,"column":20},"end":{"line":74,"column":69},"skip":true}]},"9":{"line":79,"type":"switch","locations":[{"start":{"line":80,"column":20},"end":{"line":80,"column":33},"skip":true},{"start":{"line":81,"column":20},"end":{"line":83,"column":30},"skip":true},{"start":{"line":84,"column":20},"end":{"line":85,"column":49},"skip":true}]},"10":{"line":89,"type":"switch","locations":[{"start":{"line":90,"column":12},"end":{"line":103,"column":22},"skip":true},{"start":{"line":105,"column":12},"end":{"line":106,"column":22},"skip":true}]},"11":{"line":89,"type":"binary-expr","locations":[{"start":{"line":89,"column":20},"end":{"line":89,"column":25},"skip":true},{"start":{"line":89,"column":29},"end":{"line":89,"column":48},"skip":true},{"start":{"line":89,"column":52},"end":{"line":89,"column":74},"skip":true}]},"12":{"line":92,"type":"if","locations":[{"start":{"line":92,"column":16},"end":{"line":92,"column":16},"skip":true},{"start":{"line":92,"column":16},"end":{"line":92,"column":16},"skip":true}]},"13":{"line":108,"type":"if","locations":[{"start":{"line":108,"column":12},"end":{"line":108,"column":12},"skip":true},{"start":{"line":108,"column":12},"end":{"line":108,"column":12},"skip":true}]},"14":{"line":108,"type":"binary-expr","locations":[{"start":{"line":108,"column":16},"end":{"line":108,"column":61},"skip":true},{"start":{"line":108,"column":66},"end":{"line":108,"column":72},"skip":true},{"start":{"line":108,"column":77},"end":{"line":108,"column":82},"skip":true},{"start":{"line":109,"column":20},"end":{"line":109,"column":39},"skip":true},{"start":{"line":110,"column":20},"end":{"line":110,"column":49},"skip":true},{"start":{"line":111,"column":20},"end":{"line":111,"column":58},"skip":true},{"start":{"line":112,"column":20},"end":{"line":112,"column":68},"skip":true}]},"15":{"line":129,"type":"if","locations":[{"start":{"line":129,"column":16},"end":{"line":129,"column":16},"skip":true},{"start":{"line":129,"column":16},"end":{"line":129,"column":16},"skip":true}]},"16":{"line":134,"type":"cond-expr","locations":[{"start":{"line":135,"column":26},"end":{"line":135,"column":29},"skip":true},{"start":{"line":136,"column":26},"end":{"line":136,"column":54},"skip":true}]},"17":{"line":164,"type":"binary-expr","locations":[{"start":{"line":164,"column":27},"end":{"line":164,"column":43},"skip":true},{"start":{"line":164,"column":47},"end":{"line":164,"column":49},"skip":true}]},"18":{"line":258,"type":"if","locations":[{"start":{"line":258,"column":8},"end":{"line":258,"column":8},"skip":true},{"start":{"line":258,"column":8},"end":{"line":258,"column":8},"skip":true}]},"19":{"line":275,"type":"switch","locations":[{"start":{"line":276,"column":20},"end":{"line":277,"column":64},"skip":true},{"start":{"line":278,"column":20},"end":{"line":279,"column":40},"skip":true},{"start":{"line":280,"column":20},"end":{"line":281,"column":40},"skip":true},{"start":{"line":282,"column":20},"end":{"line":283,"column":39},"skip":true}]},"20":{"line":288,"type":"if","locations":[{"start":{"line":288,"column":8},"end":{"line":288,"column":8},"skip":true},{"start":{"line":288,"column":8},"end":{"line":288,"column":8},"skip":true}]},"21":{"line":288,"type":"binary-expr","locations":[{"start":{"line":288,"column":12},"end":{"line":288,"column":40},"skip":true},{"start":{"line":288,"column":44},"end":{"line":288,"column":67},"skip":true}]},"22":{"line":292,"type":"binary-expr","locations":[{"start":{"line":292,"column":12},"end":{"line":292,"column":50},"skip":true},{"start":{"line":293,"column":12},"end":{"line":293,"column":53},"skip":true}]},"23":{"line":297,"type":"binary-expr","locations":[{"start":{"line":297,"column":12},"end":{"line":297,"column":74},"skip":true},{"start":{"line":298,"column":12},"end":{"line":301,"column":36},"skip":true}]},"24":{"line":303,"type":"binary-expr","locations":[{"start":{"line":303,"column":43},"end":{"line":303,"column":75},"skip":true},{"start":{"line":303,"column":79},"end":{"line":303,"column":81},"skip":true}]},"25":{"line":306,"type":"if","locations":[{"start":{"line":306,"column":8},"end":{"line":306,"column":8},"skip":true},{"start":{"line":306,"column":8},"end":{"line":306,"column":8},"skip":true}]},"26":{"line":310,"type":"if","locations":[{"start":{"line":310,"column":8},"end":{"line":310,"column":8},"skip":true},{"start":{"line":310,"column":8},"end":{"line":310,"column":8},"skip":true}]},"27":{"line":313,"type":"binary-expr","locations":[{"start":{"line":313,"column":27},"end":{"line":313,"column":43},"skip":true},{"start":{"line":313,"column":47},"end":{"line":313,"column":53},"skip":true}]},"28":{"line":317,"type":"if","locations":[{"start":{"line":317,"column":12},"end":{"line":317,"column":12},"skip":true},{"start":{"line":317,"column":12},"end":{"line":317,"column":12},"skip":true}]}},"code":["/*","example.js","","quickstart example","","instruction","    1. save this script as example.js","    2. run the shell command:","        $ npm install npmtest-node-phonenumber && PORT=8081 node example.js","    3. play with the browser-demo on http://127.0.0.1:8081","*/","","","","/* istanbul instrument in package npmtest_node_phonenumber */","/*jslint","    bitwise: true,","    browser: true,","    maxerr: 8,","    maxlen: 96,","    node: true,","    nomen: true,","    regexp: true,","    stupid: true","*/","(function () {","    'use strict';","    var local;","","","","    // run shared js-env code - pre-init","    (function () {","        // init local","        local = {};","        // init modeJs","        local.modeJs = (function () {","            try {","                return typeof navigator.userAgent === 'string' &&","                    typeof document.querySelector('body') === 'object' &&","                    typeof XMLHttpRequest.prototype.open === 'function' &&","                    'browser';","            } catch (errorCaughtBrowser) {","                return module.exports &&","                    typeof process.versions.node === 'string' &&","                    typeof require('http').createServer === 'function' &&","                    'node';","            }","        }());","        // init global","        local.global = local.modeJs === 'browser'","            ? window","            : global;","        // init utility2_rollup","        local = local.global.utility2_rollup || (local.modeJs === 'browser'","            ? local.global.utility2_npmtest_node_phonenumber","            : global.utility2_moduleExports);","        // export local","        local.global.local = local;","    }());","    switch (local.modeJs) {","","","","    // post-init","    // run browser js-env code - post-init","    /* istanbul ignore next */","    case 'browser':","        local.testRunBrowser = function (event) {","            if (!event || (event &&","                    event.currentTarget &&","                    event.currentTarget.className &&","                    event.currentTarget.className.includes &&","                    event.currentTarget.className.includes('onreset'))) {","                // reset output","                Array.from(","                    document.querySelectorAll('body > .resettable')","                ).forEach(function (element) {","                    switch (element.tagName) {","                    case 'INPUT':","                    case 'TEXTAREA':","                        element.value = '';","                        break;","                    default:","                        element.textContent = '';","                    }","                });","            }","            switch (event && event.currentTarget && event.currentTarget.id) {","            case 'testRunButton1':","                // show tests","                if (document.querySelector('#testReportDiv1').style.display === 'none') {","                    document.querySelector('#testReportDiv1').style.display = 'block';","                    document.querySelector('#testRunButton1').textContent =","                        'hide internal test';","                    local.modeTest = true;","                    local.testRunDefault(local);","                // hide tests","                } else {","                    document.querySelector('#testReportDiv1').style.display = 'none';","                    document.querySelector('#testRunButton1').textContent = 'run internal test';","                }","                break;","            // custom-case","            default:","                break;","            }","            if (document.querySelector('#inputTextareaEval1') && (!event || (event &&","                    event.currentTarget &&","                    event.currentTarget.className &&","                    event.currentTarget.className.includes &&","                    event.currentTarget.className.includes('oneval')))) {","                // try to eval input-code","                try {","                    /*jslint evil: true*/","                    eval(document.querySelector('#inputTextareaEval1').value);","                } catch (errorCaught) {","                    console.error(errorCaught);","                }","            }","        };","        // log stderr and stdout to #outputTextareaStdout1","        ['error', 'log'].forEach(function (key) {","            console[key + '_original'] = console[key];","            console[key] = function () {","                var element;","                console[key + '_original'].apply(console, arguments);","                element = document.querySelector('#outputTextareaStdout1');","                if (!element) {","                    return;","                }","                // append text to #outputTextareaStdout1","                element.value += Array.from(arguments).map(function (arg) {","                    return typeof arg === 'string'","                        ? arg","                        : JSON.stringify(arg, null, 4);","                }).join(' ') + '\\n';","                // scroll textarea to bottom","                element.scrollTop = element.scrollHeight;","            };","        });","        // init event-handling","        ['change', 'click', 'keyup'].forEach(function (event) {","            Array.from(document.querySelectorAll('.on' + event)).forEach(function (element) {","                element.addEventListener(event, local.testRunBrowser);","            });","        });","        // run tests","        local.testRunBrowser();","        break;","","","","    // run node js-env code - post-init","    /* istanbul ignore next */","    case 'node':","        // export local","        module.exports = local;","        // require modules","        local.fs = require('fs');","        local.http = require('http');","        local.url = require('url');","        // init assets","        local.assetsDict = local.assetsDict || {};","        /* jslint-ignore-begin */","        local.assetsDict['/assets.index.template.html'] = '\\","<!doctype html>\\n\\","<html lang=\"en\">\\n\\","<head>\\n\\","<meta charset=\"UTF-8\">\\n\\","<meta name=\"viewport\" content=\"width=device-width, initial-scale=1\">\\n\\","<title>{{env.npm_package_name}} (v{{env.npm_package_version}})</title>\\n\\","<style>\\n\\","/*csslint\\n\\","    box-sizing: false,\\n\\","    universal-selector: false\\n\\","*/\\n\\","* {\\n\\","    box-sizing: border-box;\\n\\","}\\n\\","body {\\n\\","    background: #dde;\\n\\","    font-family: Arial, Helvetica, sans-serif;\\n\\","    margin: 2rem;\\n\\","}\\n\\","body > * {\\n\\","    margin-bottom: 1rem;\\n\\","}\\n\\",".utility2FooterDiv {\\n\\","    margin-top: 20px;\\n\\","    text-align: center;\\n\\","}\\n\\","</style>\\n\\","<style>\\n\\","/*csslint\\n\\","*/\\n\\","textarea {\\n\\","    font-family: monospace;\\n\\","    height: 10rem;\\n\\","    width: 100%;\\n\\","}\\n\\","textarea[readonly] {\\n\\","    background: #ddd;\\n\\","}\\n\\","</style>\\n\\","</head>\\n\\","<body>\\n\\","<!-- utility2-comment\\n\\","<div id=\"ajaxProgressDiv1\" style=\"background: #d00; height: 2px; left: 0; margin: 0; padding: 0; position: fixed; top: 0; transition: background 0.5s, width 1.5s; width: 25%;\"></div>\\n\\","utility2-comment -->\\n\\","<h1>\\n\\","<!-- utility2-comment\\n\\","    <a\\n\\","        {{#if env.npm_package_homepage}}\\n\\","        href=\"{{env.npm_package_homepage}}\"\\n\\","        {{/if env.npm_package_homepage}}\\n\\","        target=\"_blank\"\\n\\","    >\\n\\","utility2-comment -->\\n\\","        {{env.npm_package_name}} (v{{env.npm_package_version}})\\n\\","<!-- utility2-comment\\n\\","    </a>\\n\\","utility2-comment -->\\n\\","</h1>\\n\\","<h3>{{env.npm_package_description}}</h3>\\n\\","<!-- utility2-comment\\n\\","<h4><a download href=\"assets.app.js\">download standalone app</a></h4>\\n\\","<button class=\"onclick onreset\" id=\"testRunButton1\">run internal test</button><br>\\n\\","<div id=\"testReportDiv1\" style=\"display: none;\"></div>\\n\\","utility2-comment -->\\n\\","\\n\\","\\n\\","\\n\\","<label>stderr and stdout</label>\\n\\","<textarea class=\"resettable\" id=\"outputTextareaStdout1\" readonly></textarea>\\n\\","<!-- utility2-comment\\n\\","{{#if isRollup}}\\n\\","<script src=\"assets.app.js\"></script>\\n\\","{{#unless isRollup}}\\n\\","utility2-comment -->\\n\\","<script src=\"assets.utility2.rollup.js\"></script>\\n\\","<script src=\"jsonp.utility2._stateInit?callback=window.utility2._stateInit\"></script>\\n\\","<script src=\"assets.npmtest_node_phonenumber.rollup.js\"></script>\\n\\","<script src=\"assets.example.js\"></script>\\n\\","<script src=\"assets.test.js\"></script>\\n\\","<!-- utility2-comment\\n\\","{{/if isRollup}}\\n\\","utility2-comment -->\\n\\","<div class=\"utility2FooterDiv\">\\n\\","    [ this app was created with\\n\\","    <a href=\"https://github.com/kaizhu256/node-utility2\" target=\"_blank\">utility2</a>\\n\\","    ]\\n\\","</div>\\n\\","</body>\\n\\","</html>\\n\\","';","        /* jslint-ignore-end */","        if (local.templateRender) {","            local.assetsDict['/'] = local.templateRender(","                local.assetsDict['/assets.index.template.html'],","                {","                    env: local.objectSetDefault(local.env, {","                        npm_package_description: 'the greatest app in the world!',","                        npm_package_name: 'my-app',","                        npm_package_nameAlias: 'my_app',","                        npm_package_version: '0.0.1'","                    })","                }","            );","        } else {","            local.assetsDict['/'] = local.assetsDict['/assets.index.template.html']","                .replace((/\\{\\{env\\.(\\w+?)\\}\\}/g), function (match0, match1) {","                    // jslint-hack","                    String(match0);","                    switch (match1) {","                    case 'npm_package_description':","                        return 'the greatest app in the world!';","                    case 'npm_package_name':","                        return 'my-app';","                    case 'npm_package_nameAlias':","                        return 'my_app';","                    case 'npm_package_version':","                        return '0.0.1';","                    }","                });","        }","        // run the cli","        if (local.global.utility2_rollup || module !== require.main) {","            break;","        }","        local.assetsDict['/assets.example.js'] =","            local.assetsDict['/assets.example.js'] ||","            local.fs.readFileSync(__filename, 'utf8');","        // bug-workaround - long $npm_package_buildCustomOrg","        /* jslint-ignore-begin */","        local.assetsDict['/assets.npmtest_node_phonenumber.rollup.js'] =","            local.assetsDict['/assets.npmtest_node_phonenumber.rollup.js'] ||","            local.fs.readFileSync(","                local.npmtest_node_phonenumber.__dirname + '/lib.npmtest_node_phonenumber.js',","                'utf8'","            ).replace((/^#!/), '//');","        /* jslint-ignore-end */","        local.assetsDict['/favicon.ico'] = local.assetsDict['/favicon.ico'] || '';","        // if $npm_config_timeout_exit exists,","        // then exit this process after $npm_config_timeout_exit ms","        if (Number(process.env.npm_config_timeout_exit)) {","            setTimeout(process.exit, Number(process.env.npm_config_timeout_exit));","        }","        // start server","        if (local.global.utility2_serverHttp1) {","            break;","        }","        process.env.PORT = process.env.PORT || '8081';","        console.error('server starting on port ' + process.env.PORT);","        local.http.createServer(function (request, response) {","            request.urlParsed = local.url.parse(request.url);","            if (local.assetsDict[request.urlParsed.pathname] !== undefined) {","                response.end(local.assetsDict[request.urlParsed.pathname]);","                return;","            }","            response.statusCode = 404;","            response.end();","        }).listen(process.env.PORT);","        break;","    }","}());",""],"l":{"26":2,"28":2,"33":2,"35":2,"37":2,"38":2,"39":2,"44":1,"51":2,"55":2,"59":2,"61":2,"69":1,"70":2,"76":2,"79":2,"82":2,"83":2,"85":1,"89":2,"92":1,"93":1,"94":1,"96":1,"97":1,"100":1,"101":1,"103":1,"106":1,"108":2,"114":1,"116":1,"118":1,"123":1,"124":2,"125":2,"126":3,"127":3,"128":3,"129":3,"130":1,"133":3,"134":3,"139":3,"143":1,"144":3,"145":1,"149":1,"150":1,"158":1,"160":1,"161":1,"162":1,"164":1,"166":1,"258":1,"259":1,"271":1,"274":6,"275":6,"277":1,"279":2,"281":1,"283":2,"288":1,"289":1,"291":1,"296":1,"303":1,"306":1,"307":1,"310":1,"311":1,"313":1,"314":1,"315":1,"316":1,"317":1,"318":1,"319":1,"321":1,"322":1,"324":1}},"/home/travis/build/npmtest/node-npmtest-node-phonenumber/node_modules/node-phonenumber/lib/index.js":{"path":"/home/travis/build/npmtest/node-npmtest-node-phonenumber/node_modules/node-phonenumber/lib/index.js","s":{"1":1,"2":1,"3":1,"4":1,"5":1,"6":1,"7":1,"8":1,"9":1,"10":1,"11":1,"12":1,"13":1,"14":1},"b":{},"f":{},"fnMap":{},"statementMap":{"1":{"start":{"line":1,"column":0},"end":{"line":1,"column":27}},"2":{"start":{"line":2,"column":0},"end":{"line":2,"column":68}},"3":{"start":{"line":3,"column":0},"end":{"line":3,"column":76}},"4":{"start":{"line":4,"column":0},"end":{"line":4,"column":77}},"5":{"start":{"line":6,"column":0},"end":{"line":6,"column":27}},"6":{"start":{"line":7,"column":0},"end":{"line":7,"column":45}},"7":{"start":{"line":8,"column":0},"end":{"line":8,"column":28}},"8":{"start":{"line":9,"column":0},"end":{"line":9,"column":41}},"9":{"start":{"line":10,"column":0},"end":{"line":10,"column":26}},"10":{"start":{"line":12,"column":0},"end":{"line":12,"column":89}},"11":{"start":{"line":13,"column":0},"end":{"line":13,"column":87}},"12":{"start":{"line":14,"column":0},"end":{"line":14,"column":81}},"13":{"start":{"line":15,"column":0},"end":{"line":15,"column":88}},"14":{"start":{"line":17,"column":0},"end":{"line":17,"column":47}}},"branchMap":{},"code":["var path = require('path');","var closureBasePath = path.join(__dirname, 'closure/closure/goog/');","var goog = require('closure').Closure({CLOSURE_BASE_PATH: closureBasePath});","var phonenumberBasePath = path.join(__dirname, 'libphonenumber/javascript/');","","goog.require('goog.array');","goog.require('goog.proto2.PbLiteSerializer');","goog.require('goog.string');","goog.require('goog.string.StringBuffer');","goog.require('goog.json');","","goog.loadScript(path.join(phonenumberBasePath, 'i18n/phonenumbers/phonemetadata.pb.js'));","goog.loadScript(path.join(phonenumberBasePath, 'i18n/phonenumbers/phonenumber.pb.js'));","goog.loadScript(path.join(phonenumberBasePath, 'i18n/phonenumbers/metadata.js'));","goog.loadScript(path.join(phonenumberBasePath, 'i18n/phonenumbers/phonenumberutil.js'));","","module.exports = goog.global.i18n.phonenumbers;",""],"l":{"1":1,"2":1,"3":1,"4":1,"6":1,"7":1,"8":1,"9":1,"10":1,"12":1,"13":1,"14":1,"15":1,"17":1}},"/home/travis/build/npmtest/node-npmtest-node-phonenumber/node_modules/node-phonenumber/lib/closure/alltests.js":{"path":"/home/travis/build/npmtest/node-npmtest-node-phonenumber/node_modules/node-phonenumber/lib/closure/alltests.js","s":{"1":1,"2":1,"3":1},"b":{"1":[1,0],"2":[1,1]},"f":{},"fnMap":{},"statementMap":{"1":{"start":{"line":15,"column":0},"end":{"line":596,"column":2}},"2":{"start":{"line":600,"column":0},"end":{"line":602,"column":1}},"3":{"start":{"line":601,"column":2},"end":{"line":601,"column":29}}},"branchMap":{"1":{"line":600,"type":"if","locations":[{"start":{"line":600,"column":0},"end":{"line":600,"column":0}},{"start":{"line":600,"column":0},"end":{"line":600,"column":0}}]},"2":{"line":600,"type":"binary-expr","locations":[{"start":{"line":600,"column":4},"end":{"line":600,"column":33}},{"start":{"line":600,"column":37},"end":{"line":600,"column":51}}]}},"code":["// Copyright 2009 The Closure Library Authors. All Rights Reserved.","//","// Licensed under the Apache License, Version 2.0 (the \"License\");","// you may not use this file except in compliance with the License.","// You may obtain a copy of the License at","//","//      http://www.apache.org/licenses/LICENSE-2.0","//","// Unless required by applicable law or agreed to in writing, software","// distributed under the License is distributed on an \"AS-IS\" BASIS,","// WITHOUT WARRANTIES OR CONDITIONS OF ANY KIND, either express or implied.","// See the License for the specific language governing permissions and","// limitations under the License.","","var _allTests = [","  'closure/goog/a11y/aria/announcer_test.html',","  'closure/goog/a11y/aria/aria_test.html',","  'closure/goog/array/array_test.html',","  'closure/goog/asserts/asserts_test.html',","  'closure/goog/async/animationdelay_test.html',","  'closure/goog/async/conditionaldelay_test.html',","  'closure/goog/async/debouncer_test.html',","  'closure/goog/async/delay_test.html',","  'closure/goog/async/nexttick_test.html',","  'closure/goog/async/throttle_test.html',","  'closure/goog/base_module_test.html',","  'closure/goog/base_test.html',","  'closure/goog/color/alpha_test.html',","  'closure/goog/color/color_test.html',","  'closure/goog/crypt/aes_test.html',","  'closure/goog/crypt/arc4_test.html',","  'closure/goog/crypt/base64_test.html',","  'closure/goog/crypt/basen_test.html',","  'closure/goog/crypt/blobhasher_test.html',","  'closure/goog/crypt/cbc_test.html',","  'closure/goog/crypt/crypt_test.html',","  'closure/goog/crypt/hash32_test.html',","  'closure/goog/crypt/hmac_test.html',","  'closure/goog/crypt/md5_test.html',","  'closure/goog/crypt/pbkdf2_test.html',","  'closure/goog/crypt/sha1_test.html',","  'closure/goog/crypt/sha224_test.html',","  'closure/goog/crypt/sha256_test.html',","  'closure/goog/crypt/sha2_64bit_test.html',","  'closure/goog/cssom/cssom_test.html',","  'closure/goog/cssom/iframe/style_test.html',","  'closure/goog/datasource/datasource_test.html',","  'closure/goog/datasource/expr_test.html',","  'closure/goog/datasource/fastdatanode_test.html',","  'closure/goog/datasource/jsxmlhttpdatasource_test.html',","  'closure/goog/date/daterange_test.html',","  'closure/goog/date/date_test.html',","  'closure/goog/date/duration_test.html',","  'closure/goog/date/relative_test.html',","  'closure/goog/date/relativewithplurals_test.html',","  'closure/goog/date/utcdatetime_test.html',","  'closure/goog/debug/console_test.html',","  'closure/goog/debug/debug_test.html',","  'closure/goog/debug/debugwindow_test.html',","  'closure/goog/debug/devcss/devcss_test.html',","  'closure/goog/debug/enhanceerror_test.html',","  'closure/goog/debug/entrypointregistry_test.html',","  'closure/goog/debug/errorhandler_async_test.html',","  'closure/goog/debug/errorhandler_test.html',","  'closure/goog/debug/errorreporter_test.html',","  'closure/goog/debug/error_test.html',","  'closure/goog/debug/formatter_test.html',","  'closure/goog/debug/fpsdisplay_test.html',","  'closure/goog/debug/logbuffer_test.html',","  'closure/goog/debug/logger_test.html',","  'closure/goog/debug/logrecordserializer_test.html',","  'closure/goog/debug/tracer_test.html',","  'closure/goog/defineclass_test.html',","  'closure/goog/disposable/disposable_test.html',","  'closure/goog/dom/abstractrange_test.html',","  'closure/goog/dom/annotate_test.html',","  'closure/goog/dom/browserrange/browserrange_test.html',","  'closure/goog/dom/bufferedviewportsizemonitor_test.html',","  'closure/goog/dom/classes_quirks_test.html',","  'closure/goog/dom/classes_test.html',","  'closure/goog/dom/classlist_test.html',","  'closure/goog/dom/controlrange_test.html',","  'closure/goog/dom/dataset_test.html',","  'closure/goog/dom/dom_test.html',","  'closure/goog/dom/fontsizemonitor_test.html',","  'closure/goog/dom/forms_test.html',","  'closure/goog/dom/iframe_test.html',","  'closure/goog/dom/inputtype_test.html',","  'closure/goog/dom/iter_test.html',","  'closure/goog/dom/multirange_test.html',","  'closure/goog/dom/nodeiterator_test.html',","  'closure/goog/dom/nodeoffset_test.html',","  'closure/goog/dom/pattern/matcher_test.html',","  'closure/goog/dom/pattern/pattern_test.html',","  'closure/goog/dom/range_test.html',","  'closure/goog/dom/safe_test.html',","  'closure/goog/dom/savedcaretrange_test.html',","  'closure/goog/dom/savedrange_test.html',","  'closure/goog/dom/selection_test.html',","  'closure/goog/dom/tagiterator_test.html',","  'closure/goog/dom/tagname_test.html',","  'closure/goog/dom/textrangeiterator_test.html',","  'closure/goog/dom/textrange_test.html',","  'closure/goog/dom/vendor_test.html',","  'closure/goog/dom/viewportsizemonitor_test.html',","  'closure/goog/dom/xml_test.html',","  'closure/goog/editor/clicktoeditwrapper_test.html',","  'closure/goog/editor/contenteditablefield_test.html',","  'closure/goog/editor/field_test.html',","  'closure/goog/editor/focus_test.html',","  'closure/goog/editor/icontent_test.html',","  'closure/goog/editor/link_test.html',","  'closure/goog/editor/node_test.html',","  'closure/goog/editor/plugins/abstractbubbleplugin_test.html',","  'closure/goog/editor/plugins/abstractdialogplugin_test.html',","  'closure/goog/editor/plugins/abstracttabhandler_test.html',","  'closure/goog/editor/plugins/basictextformatter_test.html',","  'closure/goog/editor/plugins/blockquote_test.html',","  'closure/goog/editor/plugins/emoticons_test.html',","  'closure/goog/editor/plugins/enterhandler_test.html',","  'closure/goog/editor/plugins/firststrong_test.html',","  'closure/goog/editor/plugins/headerformatter_test.html',","  'closure/goog/editor/plugins/linkbubble_test.html',","  'closure/goog/editor/plugins/linkdialogplugin_test.html',","  'closure/goog/editor/plugins/linkshortcutplugin_test.html',","  'closure/goog/editor/plugins/listtabhandler_test.html',","  'closure/goog/editor/plugins/loremipsum_test.html',","  'closure/goog/editor/plugins/removeformatting_test.html',","  'closure/goog/editor/plugins/spacestabhandler_test.html',","  'closure/goog/editor/plugins/tableeditor_test.html',","  'closure/goog/editor/plugins/tagonenterhandler_test.html',","  'closure/goog/editor/plugins/undoredomanager_test.html',","  'closure/goog/editor/plugins/undoredostate_test.html',","  'closure/goog/editor/plugins/undoredo_test.html',","  'closure/goog/editor/plugin_test.html',","  'closure/goog/editor/range_test.html',","  'closure/goog/editor/seamlessfield_quirks_test.html',","  'closure/goog/editor/seamlessfield_test.html',","  'closure/goog/editor/style_test.html',","  'closure/goog/editor/table_test.html',","  'closure/goog/events/actioneventwrapper_test.html',","  'closure/goog/events/actionhandler_test.html',","  'closure/goog/events/browserevent_test.html',","  'closure/goog/events/eventhandler_test.html',","  'closure/goog/events/events_test.html',","  'closure/goog/events/eventtarget_test.html',","  'closure/goog/events/eventtarget_via_googevents_test.html',","  'closure/goog/events/eventtarget_via_w3cinterface_test.html',","  'closure/goog/events/event_test.html',","  'closure/goog/events/filedrophandler_test.html',","  'closure/goog/events/imehandler_test.html',","  'closure/goog/events/inputhandler_test.html',","  'closure/goog/events/keycodes_test.html',","  'closure/goog/events/keyhandler_test.html',","  'closure/goog/events/listenable_test.html',","  'closure/goog/events/listenermap_test.html',","  'closure/goog/events/mousewheelhandler_test.html',","  'closure/goog/events/onlinelistener_test.html',","  'closure/goog/events/pastehandler_test.html',","  'closure/goog/events/wheelhandler_test.html',","  'closure/goog/format/emailaddress_test.html',","  'closure/goog/format/format_test.html',","  'closure/goog/format/htmlprettyprinter_test.html',","  'closure/goog/format/internationalizedemailaddress_test.html',","  'closure/goog/format/jsonprettyprinter_test.html',","  'closure/goog/fs/fs_test.html',","  'closure/goog/fs/url_test.html',","  'closure/goog/functions/functions_test.html',","  'closure/goog/fx/abstractdragdrop_test.html',","  'closure/goog/fx/anim/anim_test.html',","  'closure/goog/fx/animationqueue_test.html',","  'closure/goog/fx/animation_test.html',","  'closure/goog/fx/css3/transition_test.html',","  'closure/goog/fx/cssspriteanimation_test.html',","  'closure/goog/fx/dragdropgroup_test.html',","  'closure/goog/fx/dragger_test.html',","  'closure/goog/fx/draglistgroup_test.html',","  'closure/goog/fx/dragscrollsupport_test.html',","  'closure/goog/fx/fx_test.html',","  'closure/goog/graphics/affinetransform_test.html',","  'closure/goog/graphics/canvasgraphics_test.html',","  'closure/goog/graphics/ext/coordinates_test.html',","  'closure/goog/graphics/ext/element_test.html',","  'closure/goog/graphics/ext/path_test.html',","  'closure/goog/graphics/paths_test.html',","  'closure/goog/graphics/path_test.html',","  'closure/goog/graphics/solidfill_test.html',","  'closure/goog/graphics/svggraphics_test.html',","  'closure/goog/history/history_test.html',","  'closure/goog/history/html5history_test.html',","  'closure/goog/html/flash_test.html',","  'closure/goog/html/legacyconversions_test.html',","  'closure/goog/html/safehtmlformatter_test.html',","  'closure/goog/html/safehtml_test.html',","  'closure/goog/html/safescript_test.html',","  'closure/goog/html/safestylesheet_test.html',","  'closure/goog/html/safestyle_test.html',","  'closure/goog/html/safeurl_test.html',","  'closure/goog/html/silverlight_test.html',","  'closure/goog/html/trustedresourceurl_test.html',","  'closure/goog/html/uncheckedconversions_test.html',","  'closure/goog/html/utils_test.html',","  'closure/goog/i18n/bidiformatter_test.html',","  'closure/goog/i18n/bidi_test.html',","  'closure/goog/i18n/charlistdecompressor_test.html',","  'closure/goog/i18n/collation_test.html',","  'closure/goog/i18n/currency_test.html',","  'closure/goog/i18n/datetimeformat_test.html',","  'closure/goog/i18n/datetimeparse_test.html',","  'closure/goog/i18n/graphemebreak_test.html',","  'closure/goog/i18n/messageformat_test.html',","  'closure/goog/i18n/mime_test.html',","  'closure/goog/i18n/numberformat_test.html',","  'closure/goog/i18n/pluralrules_test.html',","  'closure/goog/i18n/timezone_test.html',","  'closure/goog/i18n/uchar/localnamefetcher_test.html',","  'closure/goog/i18n/uchar/remotenamefetcher_test.html',","  'closure/goog/i18n/uchar_test.html',","  'closure/goog/iter/iter_test.html',","  'closure/goog/json/hybridjsonprocessor_test.html',","  'closure/goog/json/hybrid_test.html',","  'closure/goog/json/json_test.html',","  'closure/goog/json/processor_test.html',","  'closure/goog/labs/events/nondisposableeventtarget_test.html',","  'closure/goog/labs/events/nondisposableeventtarget_via_googevents_test.html',","  'closure/goog/labs/events/touch_test.html',","  'closure/goog/labs/format/csv_test.html',","  'closure/goog/labs/i18n/listformat_test.html',","  'closure/goog/labs/mock/mock_test.html',","  'closure/goog/labs/net/image_test.html',","  'closure/goog/labs/net/webchannel/channelrequest_test.html',","  'closure/goog/labs/net/webchannel/forwardchannelrequestpool_test.html',","  'closure/goog/labs/net/webchannel/webchannelbase_test.html',","  'closure/goog/labs/net/webchannel/webchannelbasetransport_test.html',","  'closure/goog/labs/net/webchannel/wirev8_test.html',","  'closure/goog/labs/net/xhr_test.html',","  'closure/goog/labs/storage/boundedcollectablestorage_test.html',","  'closure/goog/labs/structs/map_test.html',","  'closure/goog/labs/structs/multimap_test.html',","  'closure/goog/labs/style/pixeldensitymonitor_test.html',","  'closure/goog/labs/testing/assertthat_test.html',","  'closure/goog/labs/testing/decoratormatcher_test.html',","  'closure/goog/labs/testing/dictionarymatcher_test.html',","  'closure/goog/labs/testing/environment_test.html',","  'closure/goog/labs/testing/json_fuzzing_test.html',","  'closure/goog/labs/testing/logicmatcher_test.html',","  'closure/goog/labs/testing/numbermatcher_test.html',","  'closure/goog/labs/testing/objectmatcher_test.html',","  'closure/goog/labs/testing/stringmatcher_test.html',","  'closure/goog/labs/useragent/browser_test.html',","  'closure/goog/labs/useragent/device_test.html',","  'closure/goog/labs/useragent/engine_test.html',","  'closure/goog/labs/useragent/platform_test.html',","  'closure/goog/labs/useragent/util_test.html',","  'closure/goog/labs/useragent/verifier_test.html',","  'closure/goog/locale/countrylanguagenames_test.html',","  'closure/goog/locale/genericfontnames_test.html',","  'closure/goog/locale/timezonedetection_test.html',","  'closure/goog/locale/timezonelist_test.html',","  'closure/goog/math/affinetransform_test.html',","  'closure/goog/math/bezier_test.html',","  'closure/goog/math/box_test.html',","  'closure/goog/math/coordinate3_test.html',","  'closure/goog/math/coordinate_test.html',","  'closure/goog/math/exponentialbackoff_test.html',","  'closure/goog/math/integer_test.html',","  'closure/goog/math/interpolator/linear1_test.html',","  'closure/goog/math/interpolator/pchip1_test.html',","  'closure/goog/math/interpolator/spline1_test.html',","  'closure/goog/math/line_test.html',","  'closure/goog/math/long_test.html',","  'closure/goog/math/math_test.html',","  'closure/goog/math/matrix_test.html',","  'closure/goog/math/paths_test.html',","  'closure/goog/math/path_test.html',","  'closure/goog/math/rangeset_test.html',","  'closure/goog/math/range_test.html',","  'closure/goog/math/rect_test.html',","  'closure/goog/math/size_test.html',","  'closure/goog/math/tdma_test.html',","  'closure/goog/math/vec2_test.html',","  'closure/goog/math/vec3_test.html',","  'closure/goog/memoize/memoize_test.html',","  'closure/goog/messaging/abstractchannel_test.html',","  'closure/goog/messaging/bufferedchannel_test.html',","  'closure/goog/messaging/deferredchannel_test.html',","  'closure/goog/messaging/loggerclient_test.html',","  'closure/goog/messaging/loggerserver_test.html',","  'closure/goog/messaging/messaging_test.html',","  'closure/goog/messaging/multichannel_test.html',","  'closure/goog/messaging/portcaller_test.html',","  'closure/goog/messaging/portchannel_test.html',","  'closure/goog/messaging/portnetwork_test.html',","  'closure/goog/messaging/portoperator_test.html',","  'closure/goog/messaging/respondingchannel_test.html',","  'closure/goog/module/moduleinfo_test.html',","  'closure/goog/module/moduleloadcallback_test.html',","  'closure/goog/module/moduleloader_test.html',","  'closure/goog/module/modulemanager_test.html',","  'closure/goog/net/browserchannel_test.html',","  'closure/goog/net/bulkloader_test.html',","  'closure/goog/net/channelrequest_test.html',","  'closure/goog/net/cookies_test.html',","  'closure/goog/net/corsxmlhttpfactory_test.html',","  'closure/goog/net/crossdomainrpc_test.html',","  'closure/goog/net/filedownloader_test.html',","  'closure/goog/net/iframeio_different_base_test.html',","  'closure/goog/net/iframeio_test.html',","  'closure/goog/net/iframeloadmonitor_test.html',","  'closure/goog/net/imageloader_test.html',","  'closure/goog/net/ipaddress_test.html',","  'closure/goog/net/jsloader_test.html',","  'closure/goog/net/jsonp_test.html',","  'closure/goog/net/multiiframeloadmonitor_test.html',","  'closure/goog/net/networktester_test.html',","  'closure/goog/net/streams/base64streamdecoder_test.html',","  'closure/goog/net/streams/jsonstreamparser_test.html',","  'closure/goog/net/streams/pbstreamparser_test.html',","  'closure/goog/net/streams/xhrnodereadablestream_test.html',","  'closure/goog/net/streams/xhrstreamreader_test.html',","  'closure/goog/net/websocket_test.html',","  'closure/goog/net/xhriopool_test.html',","  'closure/goog/net/xhrio_test.html',","  'closure/goog/net/xhrmanager_test.html',","  'closure/goog/net/xpc/iframepollingtransport_test.html',","  'closure/goog/net/xpc/nativemessagingtransport_test.html',","  'closure/goog/object/object_test.html',","  'closure/goog/positioning/anchoredposition_test.html',","  'closure/goog/positioning/anchoredviewportposition_test.html',","  'closure/goog/positioning/clientposition_test.html',","  'closure/goog/positioning/menuanchoredposition_test.html',","  'closure/goog/positioning/positioning_test.html',","  'closure/goog/positioning/viewportclientposition_test.html',","  'closure/goog/promise/promise_test.html',","  'closure/goog/proto2/descriptor_test.html',","  'closure/goog/proto2/fielddescriptor_test.html',","  'closure/goog/proto2/message_test.html',","  'closure/goog/proto2/objectserializer_test.html',","  'closure/goog/proto2/pbliteserializer_test.html',","  'closure/goog/proto2/proto_test.html',","  'closure/goog/proto2/textformatserializer_test.html',","  'closure/goog/proto/serializer_test.html',","  'closure/goog/pubsub/pubsub_test.html',","  'closure/goog/pubsub/typedpubsub_test.html',","  'closure/goog/reflect/reflect_test.html',","  'closure/goog/result/chain_test.html',","  'closure/goog/result/combine_test.html',","  'closure/goog/result/deferredadaptor_test.html',","  'closure/goog/result/resultutil_test.html',","  'closure/goog/result/simpleresult_test.html',","  'closure/goog/result/transform_test.html',","  'closure/goog/result/wait_test.html',","  'closure/goog/soy/data_test.html',","  'closure/goog/soy/renderer_test.html',","  'closure/goog/soy/soy_test.html',","  'closure/goog/spell/spellcheck_test.html',","  'closure/goog/stats/basicstat_test.html',","  'closure/goog/storage/collectablestorage_test.html',","  'closure/goog/storage/encryptedstorage_test.html',","  'closure/goog/storage/expiringstorage_test.html',","  'closure/goog/storage/mechanism/errorhandlingmechanism_test.html',","  'closure/goog/storage/mechanism/html5localstorage_test.html',","  'closure/goog/storage/mechanism/html5sessionstorage_test.html',","  'closure/goog/storage/mechanism/html5webstorage_test.html',","  'closure/goog/storage/mechanism/ieuserdata_test.html',","  'closure/goog/storage/mechanism/mechanismfactory_test.html',","  'closure/goog/storage/mechanism/prefixedmechanism_test.html',","  'closure/goog/storage/richstorage_test.html',","  'closure/goog/storage/storage_test.html',","  'closure/goog/string/const_test.html',","  'closure/goog/string/linkify_test.html',","  'closure/goog/string/newlines_test.html',","  'closure/goog/string/path_test.html',","  'closure/goog/string/stringbuffer_test.html',","  'closure/goog/string/stringformat_test.html',","  'closure/goog/string/string_test.html',","  'closure/goog/structs/avltree_test.html',","  'closure/goog/structs/circularbuffer_test.html',","  'closure/goog/structs/collection_test.html',","  'closure/goog/structs/heap_test.html',","  'closure/goog/structs/inversionmap_test.html',","  'closure/goog/structs/linkedmap_test.html',","  'closure/goog/structs/map_test.html',","  'closure/goog/structs/pool_test.html',","  'closure/goog/structs/prioritypool_test.html',","  'closure/goog/structs/priorityqueue_test.html',","  'closure/goog/structs/quadtree_test.html',","  'closure/goog/structs/queue_test.html',","  'closure/goog/structs/set_test.html',","  'closure/goog/structs/stringset_test.html',","  'closure/goog/structs/structs_test.html',","  'closure/goog/structs/treenode_test.html',","  'closure/goog/structs/trie_test.html',","  'closure/goog/style/bidi_test.html',","  'closure/goog/style/cursor_test.html',","  'closure/goog/style/style_document_scroll_test.html',","  'closure/goog/style/style_quirks_test.html',","  'closure/goog/style/style_test.html',","  'closure/goog/style/style_webkit_scrollbars_test.html',","  'closure/goog/style/transition_test.html',","  'closure/goog/testing/asserts_test.html',","  'closure/goog/testing/async/mockcontrol_test.html',","  'closure/goog/testing/asynctestcase_async_test.html',","  'closure/goog/testing/asynctestcase_noasync_test.html',","  'closure/goog/testing/asynctestcase_test.html',","  'closure/goog/testing/continuationtestcase_test.html',","  'closure/goog/testing/deferredtestcase_test.html',","  'closure/goog/testing/dom_test.html',","  'closure/goog/testing/editor/dom_test.html',","  'closure/goog/testing/editor/testhelper_test.html',","  'closure/goog/testing/events/eventobserver_test.html',","  'closure/goog/testing/events/events_test.html',","  'closure/goog/testing/events/matchers_test.html',","  'closure/goog/testing/events/onlinehandler_test.html',","  'closure/goog/testing/expectedfailures_test.html',","  'closure/goog/testing/fs/blob_test.html',","  'closure/goog/testing/fs/directoryentry_test.html',","  'closure/goog/testing/fs/entry_test.html',","  'closure/goog/testing/fs/fileentry_test.html',","  'closure/goog/testing/fs/filereader_test.html',","  'closure/goog/testing/fs/filewriter_test.html',","  'closure/goog/testing/fs/fs_test.html',","  'closure/goog/testing/fs/integration_test.html',","  'closure/goog/testing/functionmock_test.html',","  'closure/goog/testing/i18n/asserts_test.html',","  'closure/goog/testing/loosemock_test.html',","  'closure/goog/testing/mockclassfactory_test.html',","  'closure/goog/testing/mockclock_test.html',","  'closure/goog/testing/mockcontrol_test.html',","  'closure/goog/testing/mockmatchers_test.html',","  'closure/goog/testing/mockrandom_test.html',","  'closure/goog/testing/mockrange_test.html',","  'closure/goog/testing/mockstorage_test.html',","  'closure/goog/testing/mock_test.html',","  'closure/goog/testing/mockuseragent_test.html',","  'closure/goog/testing/mockutil_test.html',","  'closure/goog/testing/multitestrunner_test.html',","  'closure/goog/testing/net/xhrio_test.html',","  'closure/goog/testing/parallel_closure_test_suite_test.html',","  'closure/goog/testing/performancetimer_test.html',","  'closure/goog/testing/propertyreplacer_test.html',","  'closure/goog/testing/proto2/proto2_test.html',","  'closure/goog/testing/pseudorandom_test.html',","  'closure/goog/testing/recordfunction_test.html',","  'closure/goog/testing/shardingtestcase_test.html',","  'closure/goog/testing/singleton_test.html',","  'closure/goog/testing/stacktrace_test.html',","  'closure/goog/testing/strictmock_test.html',","  'closure/goog/testing/style/layoutasserts_test.html',","  'closure/goog/testing/style/style_test.html',","  'closure/goog/testing/ui/rendererasserts_test.html',","  'closure/goog/testing/ui/style_test.html',","  'closure/goog/timer/timer_test.html',","  'closure/goog/tweak/entries_test.html',","  'closure/goog/tweak/registry_test.html',","  'closure/goog/tweak/tweakui_test.html',","  'closure/goog/ui/ac/ac_test.html',","  'closure/goog/ui/ac/arraymatcher_test.html',","  'closure/goog/ui/ac/autocomplete_test.html',","  'closure/goog/ui/ac/cachingmatcher_test.html',","  'closure/goog/ui/ac/inputhandler_test.html',","  'closure/goog/ui/ac/remotearraymatcher_test.html',","  'closure/goog/ui/ac/renderer_test.html',","  'closure/goog/ui/advancedtooltip_test.html',","  'closure/goog/ui/animatedzippy_test.html',","  'closure/goog/ui/bidiinput_test.html',","  'closure/goog/ui/buttonrenderer_test.html',","  'closure/goog/ui/button_test.html',","  'closure/goog/ui/charcounter_test.html',","  'closure/goog/ui/charpicker_test.html',","  'closure/goog/ui/checkbox_test.html',","  'closure/goog/ui/colorbutton_test.html',","  'closure/goog/ui/colormenubuttonrenderer_test.html',","  'closure/goog/ui/colorpalette_test.html',","  'closure/goog/ui/combobox_test.html',","  'closure/goog/ui/component_test.html',","  'closure/goog/ui/containerrenderer_test.html',","  'closure/goog/ui/containerscroller_test.html',","  'closure/goog/ui/container_test.html',","  'closure/goog/ui/controlrenderer_test.html',","  'closure/goog/ui/control_test.html',","  'closure/goog/ui/cookieeditor_test.html',","  'closure/goog/ui/customcolorpalette_test.html',","  'closure/goog/ui/datepicker_test.html',","  'closure/goog/ui/decorate_test.html',","  'closure/goog/ui/dimensionpickerrenderer_test.html',","  'closure/goog/ui/dimensionpicker_test.html',","  'closure/goog/ui/drilldownrow_test.html',","  'closure/goog/ui/editor/abstractdialog_test.html',","  'closure/goog/ui/editor/linkdialog_test.html',","  'closure/goog/ui/editor/toolbarfactory_test.html',","  'closure/goog/ui/emoji/emojipicker_test.html',","  'closure/goog/ui/emoji/popupemojipicker_test.html',","  'closure/goog/ui/emoji/spriteinfo_test.html',","  'closure/goog/ui/filteredmenu_test.html',","  'closure/goog/ui/formpost_test.html',","  'closure/goog/ui/hovercard_test.html',","  'closure/goog/ui/hsvapalette_test.html',","  'closure/goog/ui/hsvpalette_test.html',","  'closure/goog/ui/idletimer_test.html',","  'closure/goog/ui/iframemask_test.html',","  'closure/goog/ui/inputdatepicker_test.html',","  'closure/goog/ui/keyboardshortcuthandler_test.html',","  'closure/goog/ui/media/flashobject_test.html',","  'closure/goog/ui/media/flickr_test.html',","  'closure/goog/ui/media/googlevideo_test.html',","  'closure/goog/ui/media/mediamodel_test.html',","  'closure/goog/ui/media/media_test.html',","  'closure/goog/ui/media/mp3_test.html',","  'closure/goog/ui/media/photo_test.html',","  'closure/goog/ui/media/picasa_test.html',","  'closure/goog/ui/media/vimeo_test.html',","  'closure/goog/ui/media/youtube_test.html',","  'closure/goog/ui/menubuttonrenderer_test.html',","  'closure/goog/ui/menuitemrenderer_test.html',","  'closure/goog/ui/menuitem_test.html',","  'closure/goog/ui/menuseparatorrenderer_test.html',","  'closure/goog/ui/menu_test.html',","  'closure/goog/ui/mockactivitymonitor_test.html',","  'closure/goog/ui/modalariavisibilityhelper_test.html',","  'closure/goog/ui/modalpopup_test.html',","  'closure/goog/ui/nativebuttonrenderer_test.html',","  'closure/goog/ui/paletterenderer_test.html',","  'closure/goog/ui/palette_test.html',","  'closure/goog/ui/plaintextspellchecker_test.html',","  'closure/goog/ui/popupbase_test.html',","  'closure/goog/ui/popupcolorpicker_test.html',","  'closure/goog/ui/popupdatepicker_test.html',","  'closure/goog/ui/popupmenu_test.html',","  'closure/goog/ui/popup_test.html',","  'closure/goog/ui/prompt_test.html',","  'closure/goog/ui/rangemodel_test.html',","  'closure/goog/ui/registry_test.html',","  'closure/goog/ui/richtextspellchecker_test.html',","  'closure/goog/ui/roundedpanel_test.html',","  'closure/goog/ui/scrollfloater_test.html',","  'closure/goog/ui/selectionmenubutton_test.html',","  'closure/goog/ui/selectionmodel_test.html',","  'closure/goog/ui/select_test.html',","  'closure/goog/ui/serverchart_test.html',","  'closure/goog/ui/sliderbase_test.html
[...]
c/vec2_test.html',","  'closure/goog/vec/vec3d_test.html',","  'closure/goog/vec/vec3f_test.html',","  'closure/goog/vec/vec3_test.html',","  'closure/goog/vec/vec4d_test.html',","  'closure/goog/vec/vec4f_test.html',","  'closure/goog/vec/vec4_test.html',","  'third_party/closure/goog/dojo/dom/query_test.html',","  'third_party/closure/goog/loremipsum/text/loremipsum_test.html',","  'third_party/closure/goog/mochikit/async/deferred_async_test.html',","  'third_party/closure/goog/mochikit/async/deferredlist_test.html',","  'third_party/closure/goog/mochikit/async/deferred_test.html'","];","","// If we're running in a nodejs context, export tests. Used when running tests","// externally on Travis.","if (typeof module !== 'undefined' && module.exports) {","  module.exports = _allTests;","}",""],"l":{"15":1,"600":1,"601":1}},"/home/travis/build/npmtest/node-npmtest-node-phonenumber/node_modules/node-phonenumber/lib/closure/browser_capabilities.js":{"path":"/home/travis/build/npmtest/node-npmtest-node-phonenumber/node_modules/node-phonenumber/lib/closure/browser_capabilities.js","s":{"1":1,"2":1,"3":6,"4":6,"5":6,"6":1,"7":6,"8":6,"9":1,"10":1,"11":1,"12":6,"13":6,"14":6,"15":6,"16":6,"17":1,"18":1},"b":{"1":[4,2],"2":[6,0],"3":[6,0]},"f":{"1":6,"2":6,"3":1},"fnMap":{"1":{"name":"getBrowserName","line":3,"loc":{"start":{"line":3,"column":0},"end":{"line":3,"column":36}}},"2":{"name":"getJobName","line":11,"loc":{"start":{"line":11,"column":0},"end":{"line":11,"column":32}}},"3":{"name":"getBrowserCapabilities","line":20,"loc":{"start":{"line":20,"column":0},"end":{"line":20,"column":42}}}},"statementMap":{"1":{"start":{"line":1,"column":0},"end":{"line":1,"column":53}},"2":{"start":{"line":3,"column":0},"end":{"line":9,"column":1}},"3":{"start":{"line":4,"column":2},"end":{"line":6,"column":29}},"4":{"start":{"line":7,"column":2},"end":{"line":7,"column":48}},"5":{"start":{"line":8,"column":2},"end":{"line":8,"column":24}},"6":{"start":{"line":11,"column":0},"end":{"line":18,"column":1}},"7":{"start":{"line":12,"column":2},"end":{"line":12,"column":47}},"8":{"start":{"line":14,"column":2},"end":{"line":17,"column":36}},"9":{"start":{"line":20,"column":0},"end":{"line":30,"column":1}},"10":{"start":{"line":21,"column":2},"end":{"line":21,"column":16}},"11":{"start":{"line":22,"column":2},"end":{"line":28,"column":3}},"12":{"start":{"line":23,"column":4},"end":{"line":23,"column":24}},"13":{"start":{"line":24,"column":4},"end":{"line":24,"column":59}},"14":{"start":{"line":25,"column":4},"end":{"line":25,"column":49}},"15":{"start":{"line":26,"column":4},"end":{"line":26,"column":30}},"16":{"start":{"line":27,"column":4},"end":{"line":27,"column":17}},"17":{"start":{"line":29,"column":2},"end":{"line":29,"column":14}},"18":{"start":{"line":32,"column":0},"end":{"line":32,"column":55}}},"branchMap":{"1":{"line":4,"type":"cond-expr","locations":[{"start":{"line":5,"column":6},"end":{"line":5,"column":10}},{"start":{"line":6,"column":6},"end":{"line":6,"column":28}}]},"2":{"line":7,"type":"binary-expr","locations":[{"start":{"line":7,"column":16},"end":{"line":7,"column":34}},{"start":{"line":7,"column":38},"end":{"line":7,"column":47}}]},"3":{"line":14,"type":"cond-expr","locations":[{"start":{"line":15,"column":6},"end":{"line":15,"column":59}},{"start":{"line":16,"column":6},"end":{"line":17,"column":35}}]}},"code":["var sauceBrowsers = require('./sauce_browsers.json');","","function getBrowserName(browserCap) {","  var name = browserCap.browserName == 'internet explorer' ?","      'ie' :","      browserCap.browserName;","  var version = browserCap.version || '-latest';","  return name + version;","}","","function getJobName(browserCap) {","  var browserName = getBrowserName(browserCap);","","  return process.env.TRAVIS_PULL_REQUEST == 'false' ?","      'CO-' + process.env.TRAVIS_BRANCH + '-' + browserName :","      'PR-' + process.env.TRAVIS_PULL_REQUEST + '-' + browserName + '-' +","          process.env.TRAVIS_BRANCH;","}","","function getBrowserCapabilities(browsers) {","  var caps = [];","  for (var i = 0; i < browsers.length; i++) {","    var b = browsers[i];","    b['tunnel-identifier'] = process.env.TRAVIS_JOB_NUMBER;","    b['build'] = process.env.TRAVIS_BUILD_NUMBER;","    b['name'] = getJobName(b);","    caps.push(b);","  }","  return caps;","}","","module.exports = getBrowserCapabilities(sauceBrowsers);",""],"l":{"1":1,"3":1,"4":6,"7":6,"8":6,"11":1,"12":6,"14":6,"20":1,"21":1,"22":1,"23":6,"24":6,"25":6,"26":6,"27":6,"29":1,"32":1}},"/home/travis/build/npmtest/node-npmtest-node-phonenumber/node_modules/node-phonenumber/lib/closure/protractor.conf.js":{"path":"/home/travis/build/npmtest/node-npmtest-node-phonenumber/node_modules/node-phonenumber/lib/closure/protractor.conf.js","s":{"1":2,"2":2,"3":0},"b":{},"f":{},"fnMap":{},"statementMap":{"1":{"start":{"line":3,"column":0},"end":{"line":3,"column":60}},"2":{"start":{"line":5,"column":0},"end":{"line":6,"column":62}},"3":{"start":{"line":8,"column":0},"end":{"line":25,"column":2}}},"branchMap":{},"code":["// See https://github.com/angular/protractor/blob/master/docs/referenceConf.js","// for full protractor config reference.","var browserCapabilities = require('./browser_capabilities');","","var SAUCE_ACCESS_KEY =","    process.env.SAUCE_ACCESS_KEY.split('').reverse().join('');","","exports.config = {","  sauceUser: process.env.SAUCE_USERNAME,","","  sauceKey: SAUCE_ACCESS_KEY,","","  multiCapabilities: browserCapabilities,","","  // Testing framework used for spec file.","  framework: 'jasmine2',","","  // Relative path to spec (i.e., tests).","  specs: ['protractor_spec.js'],","","  jasmineNodeOpts: {","    // Timeout in ms before a test fails.","    defaultTimeoutInterval: 30 * 60 * 1000","  }","};",""],"l":{"3":2,"5":2,"8":0}},"/home/travis/build/npmtest/node-npmtest-node-phonenumber/node_modules/node-phonenumber/lib/closure/protractor_spec.js":{"path":"/home/travis/build/npmtest/node-npmtest-node-phonenumber/node_modules/node-phonenumber/lib/closure/protractor_spec.js","s":{"1":2,"2":0,"3":0,"4":0,"5":0,"6":0,"7":0,"8":0,"9":0,"10":0,"11":0,"12":0,"13":0,"14":0,"15":0,"16":0,"17":0,"18":0,"19":0,"20":0,"21":0,"22":0,"23":0,"24":0,"25":0,"26":0,"27":0,"28":0,"29":0,"30":0,"31":0,"32":0,"33":0,"34":0,"35":0,"36":0,"37":0,"38":0,"39":0,"40":0,"41":0,"42":0,"43":0,"44":0,"45":0,"46":0,"47":0,"48":0,"49":0,"50":0,"51":0,"52":0,"53":0,"54":0,"55":0,"56":0,"57":0,"58":0,"59":0,"60":0,"61":0,"62":0},"b":{"1":[0,0],"2":[0,0],"3":[0,0],"4":[0,0],"5":[0,0],"6":[0,0],"7":[0,0],"8":[0,0],"9":[0,0]},"f":{"1":0,"2":0,"3":0,"4":0,"5":0,"6":0,"7":0,"8":0,"9":0,"10":0,"11":0,"12":0,"13":0,"14":0,"15":0,"16":0,"17":0},"fnMap":{"1":{"name":"(anonymous_1)","line":25,"loc":{"start":{"line":25,"column":39},"end":{"line":25,"column":50}}},"2":{"name":"(anonymous_2)","line":26,"loc":{"start":{"line":26,"column":27},"end":{"line":26,"column":43}}},"3":{"name":"(anonymous_3)","line":36,"loc":{"start":{"line":36,"column":12},"end":{"line":36,"column":23}}},"4":{"name":"(anonymous_4)","line":38,"loc":{"start":{"line":38,"column":13},"end":{"line":38,"column":24}}},"5":{"name":"(anonymous_5)","line":46,"loc":{"start":{"line":46,"column":35},"end":{"line":46,"column":54}}},"6":{"name":"(anonymous_6)","line":49,"loc":{"start":{"line":49,"column":22},"end":{"line":49,"column":48}}},"7":{"name":"(anonymous_7)","line":53,"loc":{"start":{"line":53,"column":28},"end":{"line":53,"column":39}}},"8":{"name":"(anonymous_8)","line":66,"loc":{"start":{"line":66,"column":14},"end":{"line":66,"column":31}}},"9":{"name":"(anonymous_9)","line":84,"loc":{"start":{"line":84,"column":14},"end":{"line":84,"column":28}}},"10":{"name":"(anonymous_10)","line":87,"loc":{"start":{"line":87,"column":23},"end":{"line":87,"column":49}}},"11":{"name":"(anonymous_11)","line":92,"loc":{"start":{"line":92,"column":45},"end":{"line":92,"column":60}}},"12":{"name":"(anonymous_12)","line":97,"loc":{"start":{"line":97,"column":22},"end":{"line":97,"column":41}}},"13":{"name":"(anonymous_13)","line":100,"loc":{"start":{"line":100,"column":16},"end":{"line":100,"column":27}}},"14":{"name":"(anonymous_14)","line":101,"loc":{"start":{"line":101,"column":16},"end":{"line":101,"column":33}}},"15":{"name":"(anonymous_15)","line":112,"loc":{"start":{"line":112,"column":24},"end":{"line":112,"column":48}}},"16":{"name":"(anonymous_16)","line":113,"loc":{"start":{"line":113,"column":26},"end":{"line":113,"column":37}}},"17":{"name":"(anonymous_17)","line":125,"loc":{"start":{"line":125,"column":21},"end":{"line":125,"column":32}}}},"statementMap":{"1":{"start":{"line":3,"column":0},"end":{"line":3,"column":33}},"2":{"start":{"line":4,"column":0},"end":{"line":4,"column":37}},"3":{"start":{"line":7,"column":0},"end":{"line":7,"column":29}},"4":{"start":{"line":8,"column":0},"end":{"line":8,"column":42}},"5":{"start":{"line":9,"column":0},"end":{"line":23,"column":2}},"6":{"start":{"line":25,"column":0},"end":{"line":137,"column":3}},"7":{"start":{"line":26,"column":2},"end":{"line":34,"column":4}},"8":{"start":{"line":27,"column":4},"end":{"line":32,"column":5}},"9":{"start":{"line":28,"column":6},"end":{"line":28,"column":50}},"10":{"start":{"line":29,"column":6},"end":{"line":31,"column":7}},"11":{"start":{"line":30,"column":8},"end":{"line":30,"column":31}},"12":{"start":{"line":33,"column":4},"end":{"line":33,"column":17}},"13":{"start":{"line":36,"column":2},"end":{"line":36,"column":69}},"14":{"start":{"line":36,"column":25},"end":{"line":36,"column":65}},"15":{"start":{"line":38,"column":2},"end":{"line":42,"column":5}},"16":{"start":{"line":41,"column":4},"end":{"line":41,"column":41}},"17":{"start":{"line":46,"column":2},"end":{"line":90,"column":4}},"18":{"start":{"line":47,"column":4},"end":{"line":47,"column":36}},"19":{"start":{"line":49,"column":4},"end":{"line":85,"column":6}},"20":{"start":{"line":53,"column":6},"end":{"line":84,"column":46}},"21":{"start":{"line":54,"column":15},"end":{"line":63,"column":16}},"22":{"start":{"line":56,"column":17},"end":{"line":56,"column":33}},"23":{"start":{"line":57,"column":17},"end":{"line":57,"column":45}},"24":{"start":{"line":58,"column":17},"end":{"line":58,"column":77}},"25":{"start":{"line":59,"column":17},"end":{"line":59,"column":74}},"26":{"start":{"line":60,"column":17},"end":{"line":60,"column":31}},"27":{"start":{"line":62,"column":17},"end":{"line":62,"column":46}},"28":{"start":{"line":67,"column":16},"end":{"line":82,"column":17}},"29":{"start":{"line":68,"column":18},"end":{"line":68,"column":34}},"30":{"start":{"line":70,"column":18},"end":{"line":70,"column":45}},"31":{"start":{"line":71,"column":18},"end":{"line":81,"column":19}},"32":{"start":{"line":72,"column":20},"end":{"line":72,"column":45}},"33":{"start":{"line":73,"column":20},"end":{"line":74,"column":53}},"34":{"start":{"line":76,"column":20},"end":{"line":76,"column":36}},"35":{"start":{"line":79,"column":20},"end":{"line":80,"column":75}},"36":{"start":{"line":84,"column":30},"end":{"line":84,"column":42}},"37":{"start":{"line":87,"column":4},"end":{"line":89,"column":7}},"38":{"start":{"line":88,"column":6},"end":{"line":88,"column":35}},"39":{"start":{"line":92,"column":2},"end":{"line":136,"column":5}},"40":{"start":{"line":93,"column":4},"end":{"line":93,"column":28}},"41":{"start":{"line":97,"column":4},"end":{"line":108,"column":6}},"42":{"start":{"line":98,"column":6},"end":{"line":107,"column":13}},"43":{"start":{"line":100,"column":29},"end":{"line":100,"column":73}},"44":{"start":{"line":102,"column":12},"end":{"line":104,"column":13}},"45":{"start":{"line":103,"column":14},"end":{"line":103,"column":49}},"46":{"start":{"line":106,"column":12},"end":{"line":106,"column":26}},"47":{"start":{"line":112,"column":4},"end":{"line":114,"column":6}},"48":{"start":{"line":113,"column":6},"end":{"line":113,"column":61}},"49":{"start":{"line":113,"column":39},"end":{"line":113,"column":57}},"50":{"start":{"line":116,"column":4},"end":{"line":116,"column":27}},"51":{"start":{"line":117,"column":4},"end":{"line":123,"column":5}},"52":{"start":{"line":118,"column":6},"end":{"line":122,"column":7}},"53":{"start":{"line":119,"column":8},"end":{"line":119,"column":62}},"54":{"start":{"line":121,"column":8},"end":{"line":121,"column":47}},"55":{"start":{"line":125,"column":4},"end":{"line":135,"column":7}},"56":{"start":{"line":126,"column":6},"end":{"line":126,"column":48}},"57":{"start":{"line":127,"column":6},"end":{"line":132,"column":7}},"58":{"start":{"line":128,"column":8},"end":{"line":128,"column":74}},"59":{"start":{"line":129,"column":8},"end":{"line":131,"column":9}},"60":{"start":{"line":130,"column":10},"end":{"line":130,"column":43}},"61":{"start":{"line":133,"column":6},"end":{"line":133,"column":44}},"62":{"start":{"line":134,"column":6},"end":{"line":134,"column":13}}},"branchMap":{"1":{"line":29,"type":"if","locations":[{"start":{"line":29,"column":6},"end":{"line":29,"column":6}},{"start":{"line":29,"column":6},"end":{"line":29,"column":6}}]},"2":{"line":54,"type":"if","locations":[{"start":{"line":54,"column":15},"end":{"line":54,"column":15}},{"start":{"line":54,"column":15},"end":{"line":54,"column":15}}]},"3":{"line":54,"type":"binary-expr","locations":[{"start":{"line":54,"column":19},"end":{"line":54,"column":41}},{"start":{"line":55,"column":19},"end":{"line":55,"column":57}}]},"4":{"line":67,"type":"if","locations":[{"start":{"line":67,"column":16},"end":{"line":67,"column":16}},{"start":{"line":67,"column":16},"end":{"line":67,"column":16}}]},"5":{"line":67,"type":"binary-expr","locations":[{"start":{"line":67,"column":20},"end":{"line":67,"column":26}},{"start":{"line":67,"column":30},"end":{"line":67,"column":47}}]},"6":{"line":71,"type":"if","locations":[{"start":{"line":71,"column":18},"end":{"line":71,"column":18}},{"start":{"line":71,"column":18},"end":{"line":71,"column":18}}]},"7":{"line":102,"type":"if","locations":[{"start":{"line":102,"column":12},"end":{"line":102,"column":12}},{"start":{"line":102,"column":12},"end":{"line":102,"column":12}}]},"8":{"line":118,"type":"if","locations":[{"start":{"line":118,"column":6},"end":{"line":118,"column":6}},{"start":{"line":118,"column":6},"end":{"line":118,"column":6}}]},"9":{"line":127,"type":"if","locations":[{"start":{"line":127,"column":6},"end":{"line":127,"column":6}},{"start":{"line":127,"column":6},"end":{"line":127,"column":6}}]}},"code":["// TODO(joeltine): Remove promise module when stable node version supports it","// natively.","var Promise = require('promise');","var allTests = require('./alltests');","","// Timeout for individual test package to complete.","var TEST_TIMEOUT = 45 * 1000;","var TEST_SERVER = 'http://localhost:8080';","var IGNORED_TESTS = [","  // Test hangs in IE8.","  'closure/goog/ui/plaintextspellchecker_test.html',","  // TODO(joeltine): Re-enable once fixed for external testing.","  'closure/goog/testing/multitestrunner_test.html',","  // These Promise-based tests all timeout for unknown reasons.","  // Disable for now.","  'closure/goog/testing/fs/integration_test.html',","  'closure/goog/debug/fpsdisplay_test.html',","  'closure/goog/net/jsloader_test.html',","  'closure/goog/net/filedownloader_test.html',","  'closure/goog/promise/promise_test.html',","  'closure/goog/editor/plugins/abstractdialogplugin_test.html',","  'closure/goog/net/crossdomainrpc_test.html'","];","","describe('Run all Closure unit tests', function() {","  var removeIgnoredTests = function(tests) {","    for (var i = 0; i < IGNORED_TESTS.length; i++) {","      var index = tests.indexOf(IGNORED_TESTS[i]);","      if (index != -1) {","        tests.splice(index, 1);","      }","    }","    return tests;","  };","","  beforeAll(function() { allTests = removeIgnoredTests(allTests); });","","  beforeEach(function() {","    // Ignores synchronization with angular loading. Since we don't use angular,","    // enable it.","    browser.ignoreSynchronization = true;","  });","","  // Polls currently loaded test page for test completion. Returns Promise that","  // will resolve when test is finished.","  var waitForTestSuiteCompletion = function(testPath) {","    var testStartTime = +new Date();","","    var waitForTest = function(resolve, reject) {","      // executeScript runs the passed method in the \"window\" context of","      // the current test. JSUnit exposes hooks into the test's status through","      // the \"G_testRunner\" global object.","      browser.executeScript(function() {","               if (window['G_testRunner'] &&","                   window['G_testRunner']['isFinished']()) {","                 var status = {};","                 status['isFinished'] = true;","                 status['isSuccess'] = window['G_testRunner']['isSuccess']();","                 status['report'] = window['G_testRunner']['getReport']();","                 return status;","               } else {","                 return {'isFinished': false};","               }","             })","          .then(","              function(status) {","                if (status && status.isFinished) {","                  resolve(status);","                } else {","                  var currTime = +new Date();","                  if (currTime - testStartTime > TEST_TIMEOUT) {","                    status.isSuccess = false;","                    status.report = testPath + ' timed out after ' +","                        (TEST_TIMEOUT / 1000) + 's!';","                    // resolve so tests continue running.","                    resolve(status);","                  } else {","                    // Check every 300ms for completion.","                    setTimeout(","                        waitForTest.bind(undefined, resolve, reject), 300);","                  }","                }","              },","              function(err) { reject(err); });","    };","","    return new Promise(function(resolve, reject) {","      waitForTest(resolve, reject);","    });","  };","","  it('should run all tests with 0 failures', function(done) {","    var failureReports = [];","","    // Navigates to testPath to invoke tests. Upon completion inspects returned","    // test status and keeps track of the total number failed tests.","    var runNextTest = function(testPath) {","      return browser.navigate()","          .to(TEST_SERVER + '/' + testPath)","          .then(function() { return waitForTestSuiteCompletion(testPath); })","          .then(function(status) {","            if (!status.isSuccess) {","              failureReports.push(status.report);","            }","","            return status;","          });","    };","","    // Chains the next test to the completion of the previous through its","    // promise.","    var chainNextTest = function(promise, test) {","      return promise.then(function() { runNextTest(test); });","    };","","    var testPromise = null;","    for (var i = 0; i < allTests.length; i++) {","      if (testPromise != null) {","        testPromise = chainNextTest(testPromise, allTests[i]);","      } else {","        testPromise = runNextTest(allTests[i]);","      }","    }","","    testPromise.then(function() {","      var totalFailures = failureReports.length;","      if (totalFailures > 0) {","        console.error('There was ' + totalFailures + ' test failure(s)!');","        for (var i = 0; i < failureReports.length; i++) {","          console.error(failureReports[i]);","        }","      }","      expect(failureReports.length).toBe(0);","      done();","    });","  });","});",""],"l":{"3":2,"4":0,"7":0,"8":0,"9":0,"25":0,"26":0,"27":0,"28":0,"29":0,"30":0,"33":0,"36":0,"38":0,"41":0,"46":0,"47":0,"49":0,"53":0,"54":0,"56":0,"57":0,"58":0,"59":0,"60":0,"62":0,"67":0,"68":0,"70":0,"71":0,"72":0,"73":0,"76":0,"79":0,"84":0,"87":0,"88":0,"92":0,"93":0,"97":0,"98":0,"100":0,"102":0,"103":0,"106":0,"112":0,"113":0,"116":0,"117":0,"118":0,"119":0,"121":0,"125":0,"126":0,"127":0,"128":0,"129":0,"130":0,"133":0,"134":0}}}